2026-05-29 23:30:33,760 - INFO - Loading data for alabama (input_type=checkin, region_emb=check2hgi, target=category, engine_override=EmbeddingEngine.CHECK2HGI_RESLN_DESIGN_B)...
2026-05-29 23:30:33,760 - INFO - Loading next-POI data: alabama/check2hgi_resln_design_b
2026-05-29 23:30:33,852 - INFO - Next-POI data: (12709, 576) (dim=64, window=9), distribution: {np.int64(0): np.int64(2193), np.int64(1): np.int64(837), np.int64(2): np.int64(4345), np.int64(3): np.int64(453), np.int64(4): np.int64(712), np.int64(5): np.int64(3288), np.int64(6): np.int64(881)}
2026-05-29 23:30:33,904 - INFO - x=torch.Size([12709, 9, 64]), emb_dim=64, target=category(7 classes), n_seqs=12709, last_region_idx=present
2026-05-29 23:30:34,028 - INFO - No checkpoint — starting fresh. Will save to docs/results/P1/region_head_alabama_checkin_5f_50ep_RESLN_STL_CAT_resln_design_b_alabama.checkpoint.json after each fold.
2026-05-29 23:30:34,028 - INFO - ============================================================
2026-05-29 23:30:34,028 - INFO - HEAD: next_gru (5 folds x 50 epochs, max_lr=3e-03, ls=0.00, input_ln=False)
2026-05-29 23:30:34,028 - INFO - ============================================================
2026-05-29 23:30:37,076 - INFO -   fold 0: Acc@1=0.3773 Acc@5=0.8879 Acc@10=1.0000 MRR=0.5940 F1=0.1498 (3.0s, best_ep=1)
2026-05-29 23:30:39,786 - INFO -   fold 1: Acc@1=0.3686 Acc@5=0.9091 Acc@10=1.0000 MRR=0.5971 F1=0.1296 (2.7s, best_ep=1)
2026-05-29 23:30:42,399 - INFO -   fold 2: Acc@1=0.3678 Acc@5=0.9162 Acc@10=1.0000 MRR=0.5930 F1=0.1339 (2.6s, best_ep=1)
2026-05-29 23:30:45,073 - INFO -   fold 3: Acc@1=0.3682 Acc@5=0.8977 Acc@10=1.0000 MRR=0.5893 F1=0.1378 (2.7s, best_ep=1)
2026-05-29 23:30:47,744 - INFO -   fold 4: Acc@1=0.3699 Acc@5=0.9036 Acc@10=1.0000 MRR=0.5919 F1=0.1355 (2.7s, best_ep=1)
2026-05-29 23:30:47,745 - INFO -   AGGREGATE: Acc@1=0.3704+/-0.0039  Acc@10=1.0000+/-0.0000  MRR=0.5931+/-0.0029  F1=0.1373+/-0.0076
2026-05-29 23:30:47,745 - INFO - Saved: docs/results/P1/region_head_alabama_checkin_5f_50ep_RESLN_STL_CAT_resln_design_b_alabama.json
2026-05-29 23:30:47,745 - INFO - Removed checkpoint docs/results/P1/region_head_alabama_checkin_5f_50ep_RESLN_STL_CAT_resln_design_b_alabama.checkpoint.json (run complete).

================================================================================
P1 REGION-HEAD ABLATION - alabama - 5f x 50ep - input=checkin
================================================================================
Head                         Acc@1    Acc@5   Acc@10      MRR       F1
--------------------------------------------------------------------------------
next_gru                    37.04%   90.29%  100.00%   59.31%   13.73%
--------------------------------------------------------------------------------
Markov 1-step (floor)         ~12%        —   ~21.3%        —        —
================================================================================
