\BOOKMARK [1][-]{part*.1}{\376\377\000P\000a\000r\000t\000e\000\040\000I\000\040\040\024\000\040\000E\000s\000t\000a\000d\000o\000\040\000d\000o\000\040\000a\000r\000t\000i\000g\000o\000\040\000\050\000b\000a\000s\000e\000l\000i\000n\000e\000\040\000v\0001\0001\000\051}{}% 1
\BOOKMARK [1][-]{section.1}{\376\377\000R\000e\000s\000u\000l\000t\000a\000d\000o\000s\000\040\000d\000o\000\040\000a\000r\000t\000i\000g\000o\000\040\000\050\000v\0001\0001\000\051}{}% 2
\BOOKMARK [2][-]{subsection.1.1}{\376\377\000S\000u\000b\000s\000t\000r\000a\000t\000o\000:\000\040\000C\000h\000e\000c\000k\0002\000H\000G\000I\000\040\000v\000s\000.\000\040\000H\000G\000I\000\040\000\050\000s\000i\000n\000g\000l\000e\000-\000t\000a\000s\000k\000,\000\040\000\247\0000\000.\0003\000\051}{section.1}% 3
\BOOKMARK [2][-]{subsection.1.2}{\376\377\000B\000a\000s\000e\000l\000i\000n\000e\000s\000\040\000d\000e\000\040\000r\000e\000f\000e\000r\000\352\000n\000c\000i\000a}{section.1}% 4
\BOOKMARK [1][-]{section.2}{\376\377\000M\000e\000t\000o\000d\000o\000l\000o\000g\000i\000a\000\040\000a\000n\000t\000i\000g\000a}{}% 5
\BOOKMARK [2][-]{subsection.2.1}{\376\377\000A\000r\000q\000u\000i\000t\000e\000t\000u\000r\000a\000\040\000C\000h\000e\000c\000k\0002\000H\000G\000I\000\040\000\050\000s\000u\000b\000s\000t\000r\000a\000t\000o\000\051}{section.2}% 6
\BOOKMARK [2][-]{subsection.2.2}{\376\377\000A\000r\000q\000u\000i\000t\000e\000t\000u\000r\000a\000\040\000M\000T\000L\000\040\000\050\000c\000h\000a\000m\000p\000i\000o\000n\000\040\000d\000o\000\040\000p\000a\000p\000e\000r\000\051}{section.2}% 7
\BOOKMARK [2][-]{subsection.2.3}{\376\377\000O\000s\000\040\000d\000o\000i\000s\000\040\000d\000e\000f\000e\000i\000t\000o\000s\000\040\000m\000e\000t\000o\000d\000o\000l\000\363\000g\000i\000c\000o\000s\000\040\000d\000e\000s\000c\000o\000b\000e\000r\000t\000o\000s\000\040\000d\000e\000p\000o\000i\000s}{section.2}% 8
\BOOKMARK [2][-]{subsection.2.4}{\376\377\000A\000v\000a\000l\000i\000a\000\347\000\343\000o\000:\000\040\000d\000i\000s\000j\000o\000i\000n\000t\000\040\000v\000s\000.\000\040\000j\000o\000i\000n\000t\000l\000y}{section.2}% 9
\BOOKMARK [1][-]{part*.2}{\376\377\000P\000a\000r\000t\000e\000\040\000I\000I\000\040\040\024\000\040\000E\000s\000t\000a\000d\000o\000\040\000a\000t\000u\000a\000l}{}% 10
\BOOKMARK [1][-]{section.3}{\376\377\000M\000e\000l\000h\000o\000r\000i\000a\000s\000\040\000n\000o\000\040\000C\000h\000e\000c\000k\0002\000H\000G\000I\000\040\000\050\000s\000u\000b\000s\000t\000r\000a\000t\000o\000\051}{}% 11
\BOOKMARK [2][-]{subsection.3.1}{\376\377\000N\000o\000v\000a\000\040\000m\000e\000t\000o\000d\000o\000l\000o\000g\000i\000a\000\040\000d\000e\000\040\000a\000v\000a\000l\000i\000a\000\347\000\343\000o\000\040\000d\000e\000\040\000e\000m\000b\000e\000d\000d\000i\000n\000g\000s\000:\000\040\000a\000\040\000e\000s\000c\000a\000d\000a\000\040\000L\0000\040\023\000L\0003}{section.3}% 12
\BOOKMARK [2][-]{subsection.3.2}{\376\377\000H\000i\000p\000\363\000t\000e\000s\000e\000s\000\040\000d\000e\000\040\000m\000e\000l\000h\000o\000r\000i\000a\000\040\000t\000e\000s\000t\000a\000d\000a\000s\000\040\000\050\000a\000\040\000j\000o\000r\000n\000a\000d\000a\000,\000\040\000i\000n\000c\000l\000u\000i\000n\000d\000o\000\040\000o\000\040\000q\000u\000e\000\040\000d\000e\000u\000\040\000e\000r\000r\000a\000d\000o\000\051}{section.3}% 13
\BOOKMARK [1][-]{section.4}{\376\377\000R\000e\000s\000u\000l\000t\000a\000d\000o\000s\000\040\000a\000p\000\363\000s\000\040\000m\000e\000l\000h\000o\000r\000i\000a\000s\000\040\000n\000o\000\040\000C\000h\000e\000c\000k\0002\000H\000G\000I\000\040\000\050\000v\0001\0004\000\051}{}% 14
\BOOKMARK [2][-]{subsection.4.1}{\376\377\000S\000T\000L\000\040\000n\000e\000x\000t\000-\000c\000a\000t\000\040\000e\000\040\000S\000T\000L\000\040\000n\000e\000x\000t\000-\000r\000e\000g\000\040\000\050\000F\000L\000,\000\040\000l\000e\000a\000k\000-\000f\000r\000e\000e\000,\000\040\000m\000u\000l\000t\000i\000-\000s\000e\000e\000d\000\051}{section.4}% 15
\BOOKMARK [2][-]{subsection.4.2}{\376\377\000T\000e\000t\000o\000s\000\040\000s\000i\000n\000g\000l\000e\000-\000t\000a\000s\000k\000\040\000c\000o\000n\000g\000e\000l\000a\000d\000o\000s\000\040\000\050\000a\000\040\000r\000\351\000g\000u\000a\000\040\000i\000n\000t\000e\000r\000n\000a\000\051}{section.4}% 16
\BOOKMARK [1][-]{section.5}{\376\377\000M\000e\000l\000h\000o\000r\000i\000a\000s\000\040\000n\000o\000\040\000s\000i\000n\000g\000l\000e\000-\000t\000a\000s\000k\000\040\000\050\000S\000T\000L\000\051}{}% 17
\BOOKMARK [1][-]{section.6}{\376\377\000M\000e\000l\000h\000o\000r\000i\000a\000s\000\040\000n\000o\000\040\000M\000T\000L\000\040\040\024\000\040\000o\000\040\000a\000c\000h\000a\000d\000o\000\040\000c\000e\000n\000t\000r\000a\000l\000\040\000\050\000c\000o\000r\000r\000e\000\347\000\343\000o\000\040\000C\0002\0005\000\051}{}% 18
\BOOKMARK [2][-]{subsection.6.1}{\376\377\000A\000\040\000h\000i\000p\000\363\000t\000e\000s\000e\000\040\000a\000n\000t\000i\000g\000a\000\040\000e\000\040\000s\000u\000a\000\040\000q\000u\000e\000d\000a}{section.6}% 19
\BOOKMARK [2][-]{subsection.6.2}{\376\377\000O\000\040\000c\000o\000n\000f\000o\000u\000n\000d\000\040\000d\000e\000\040\000c\000l\000a\000s\000s\000-\000w\000e\000i\000g\000h\000t\000i\000n\000g\000\040\000\050\000C\0002\0005\000\051\000\040\000e\000\040\000a\000\040\000c\000o\000r\000r\000e\000\347\000\343\000o}{section.6}% 20
\BOOKMARK [2][-]{subsection.6.3}{\376\377\000N\000\372\000m\000e\000r\000o\000s\000\040\000r\000e\000-\000v\000a\000l\000i\000d\000a\000d\000o\000s\000\040\000\050\000m\000u\000l\000t\000i\000-\000s\000e\000e\000d\000,\000\040\000n\000\343\000o\000-\000p\000o\000n\000d\000e\000r\000a\000d\000o\000,\000\040\000A\000L\000/\000G\000E\000/\000F\000L\000\051}{section.6}% 21
\BOOKMARK [2][-]{subsection.6.4}{\376\377\000O\000\040\000q\000u\000e\000\040\000i\000s\000t\000o\000\040\000r\000e\000e\000s\000c\000r\000e\000v\000e\000\040\000\050\000c\000l\000a\000i\000m\000\040\000a\000\040\000c\000l\000a\000i\000m\000\051}{section.6}% 22
\BOOKMARK [2][-]{subsection.6.5}{\376\377\000O\000\040\000d\000u\000a\000l\000-\000t\000o\000w\000e\000r\000:\000\040\000f\000e\000c\000h\000a\000n\000d\000o\000\040\000o\000\040\000\372\000l\000t\000i\000m\000o\000\040\000r\000e\000s\000\355\000d\000u\000o\000\040\000\050\000F\000L\000\051}{section.6}% 23
\BOOKMARK [2][-]{subsection.6.6}{\376\377\000O\000\040\000n\000\372\000m\000e\000r\000o\000\040\000d\000o\000\040\000a\000r\000t\000i\000g\000o\000,\000\040\000a\000n\000t\000e\000s\000\040\000e\000\040\000d\000e\000p\000o\000i\000s\000\040\000d\000a\000\040\000c\000o\000r\000r\000e\000\347\000\343\000o\000\040\000\050\000m\000e\000s\000m\000o\000\040\000s\000u\000b\000s\000t\000r\000a\000t\000o\000\040\000v\0001\0001\000\051}{section.6}% 24
\BOOKMARK [2][-]{subsection.6.7}{\376\377\000O\000u\000t\000r\000a\000s\000\040\000m\000e\000l\000h\000o\000r\000i\000a\000s\000\040\000M\000T\000L\000\040\000\050\000r\000e\000c\000e\000i\000t\000a\000\051}{section.6}% 25
\BOOKMARK [1][-]{part*.3}{\376\377\000P\000a\000r\000t\000e\000\040\000I\000I\000I\000\040\040\024\000\040\000M\000e\000l\000h\000o\000r\000i\000a\000s\000\040\000f\000u\000t\000u\000r\000a\000s}{}% 26
\BOOKMARK [1][-]{section.7}{\376\377\000J\000a\000n\000e\000l\000a\000s\000\040\000s\000o\000b\000r\000e\000p\000o\000s\000t\000a\000s\000\040\000\050\000s\000t\000r\000i\000d\000e\000=\0001\000\040\000v\000s\000.\000\040\000s\000t\000r\000i\000d\000e\000=\0009\000\051\000:\000\040\000u\000m\000\040\000t\000e\000t\000o\000\040\000e\000s\000c\000o\000n\000d\000i\000d\000o}{}% 27
\BOOKMARK [1][-]{section.8}{\376\377\000P\000e\000n\000d\000\352\000n\000c\000i\000a\000s\000\040\000p\000a\000r\000a\000\040\000f\000e\000c\000h\000a\000r\000\040\000o\000\040\000c\000i\000c\000l\000o}{}% 28
