2026-05-30 04:37:12,363 - INFO - Loading data for florida (input_type=checkin, region_emb=check2hgi, target=category, engine_override=EmbeddingEngine.CHECK2HGI_RESLN_DESIGN_J)...
2026-05-30 04:37:12,363 - INFO - Loading next-POI data: florida/check2hgi_resln_design_j
2026-05-30 04:37:12,960 - INFO - Next-POI data: (159175, 576) (dim=64, window=9), distribution: {np.int64(0): np.int64(15723), np.int64(1): np.int64(13858), np.int64(2): np.int64(39296), np.int64(3): np.int64(7048), np.int64(4): np.int64(11081), np.int64(5): np.int64(33509), np.int64(6): np.int64(38660)}
2026-05-30 04:37:13,396 - INFO - x=torch.Size([159175, 9, 64]), emb_dim=64, target=category(7 classes), n_seqs=159175, last_region_idx=present
2026-05-30 04:37:14,484 - INFO - No checkpoint — starting fresh. Will save to docs/results/P1/region_head_florida_checkin_5f_50ep_RESLN_STL_CAT_resln_design_j_florida.checkpoint.json after each fold.
2026-05-30 04:37:14,484 - INFO - ============================================================
2026-05-30 04:37:14,484 - INFO - HEAD: next_gru (5 folds x 50 epochs, max_lr=3e-03, ls=0.00, input_ln=False)
2026-05-30 04:37:14,484 - INFO - ============================================================
2026-05-30 04:37:42,134 - INFO -   fold 0: Acc@1=0.4847 Acc@5=0.9549 Acc@10=1.0000 MRR=0.6736 F1=0.3937 (27.6s, best_ep=1)
2026-05-30 04:38:11,317 - INFO -   fold 1: Acc@1=0.4853 Acc@5=0.9501 Acc@10=1.0000 MRR=0.6734 F1=0.3880 (29.2s, best_ep=1)
2026-05-30 04:38:40,611 - INFO -   fold 2: Acc@1=0.4839 Acc@5=0.9560 Acc@10=1.0000 MRR=0.6735 F1=0.3955 (29.3s, best_ep=1)
2026-05-30 04:39:09,853 - INFO -   fold 3: Acc@1=0.4874 Acc@5=0.9532 Acc@10=1.0000 MRR=0.6750 F1=0.3908 (29.2s, best_ep=1)
2026-05-30 04:39:39,056 - INFO -   fold 4: Acc@1=0.4755 Acc@5=0.9544 Acc@10=1.0000 MRR=0.6672 F1=0.3834 (29.2s, best_ep=1)
2026-05-30 04:39:39,057 - INFO -   AGGREGATE: Acc@1=0.4834+/-0.0046  Acc@10=1.0000+/-0.0000  MRR=0.6725+/-0.0031  F1=0.3903+/-0.0048
2026-05-30 04:39:39,057 - INFO - Saved: docs/results/P1/region_head_florida_checkin_5f_50ep_RESLN_STL_CAT_resln_design_j_florida.json
2026-05-30 04:39:39,057 - INFO - Removed checkpoint docs/results/P1/region_head_florida_checkin_5f_50ep_RESLN_STL_CAT_resln_design_j_florida.checkpoint.json (run complete).

================================================================================
P1 REGION-HEAD ABLATION - florida - 5f x 50ep - input=checkin
================================================================================
Head                         Acc@1    Acc@5   Acc@10      MRR       F1
--------------------------------------------------------------------------------
next_gru                    48.34%   95.37%  100.00%   67.25%   39.03%
--------------------------------------------------------------------------------
Markov 1-step (floor)         ~12%        —   ~45.9%        —        —
================================================================================
