2026-05-30 04:28:49,802 - INFO - Loading data for florida (input_type=region, region_emb=check2hgi_resln_design_j, target=region, engine_override=None)...
2026-05-30 04:28:49,802 - INFO - Loading next-POI data: florida/check2hgi
2026-05-30 04:28:50,408 - INFO - Next-POI data: (159175, 576) (dim=64, window=9), distribution: {np.int64(0): np.int64(15723), np.int64(1): np.int64(13858), np.int64(2): np.int64(39296), np.int64(3): np.int64(7048), np.int64(4): np.int64(11081), np.int64(5): np.int64(33509), np.int64(6): np.int64(38660)}
2026-05-30 04:28:51,394 - INFO - x=torch.Size([159175, 9, 64]), emb_dim=64, n_regions=4702, n_seqs=159175, last_region_idx=present
2026-05-30 04:28:52,474 - INFO - No checkpoint — starting fresh. Will save to docs/results/P1/region_head_florida_region_5f_50ep_RESLN_STL_REG_resln_design_j_florida.checkpoint.json after each fold.
2026-05-30 04:28:52,474 - INFO - ============================================================
2026-05-30 04:28:52,474 - INFO - HEAD: next_getnext_hard (5 folds x 50 epochs, max_lr=3e-03, ls=0.00, input_ln=False)
2026-05-30 04:28:52,474 - INFO - ============================================================
2026-05-30 04:28:52,474 - INFO - [C4 STL] fold 0 using per-fold log_T output/check2hgi_resln_design_j/florida/region_transition_log_seed42_fold1.pt
/home/vitor.oliveira/PoiMtlNet/src/tracking/metrics.py:64: UserWarning: _bincount_cuda does not have a deterministic implementation, but you set 'torch.use_deterministic_algorithms(True, warn_only=True)'. You can file an issue at https://github.com/pytorch/pytorch/issues to help us prioritize adding deterministic support for this operation. (Triggered internally at /pytorch/aten/src/ATen/Context.cpp:160.)
  tp = torch.bincount(targets, weights=correct, minlength=num_classes)
2026-05-30 04:30:31,528 - INFO -   fold 0: Acc@1=0.4651 Acc@5=0.6413 Acc@10=0.7039 MRR=0.5477 F1=0.0998 (99.1s, best_ep=10)
2026-05-30 04:30:31,528 - INFO - [C4 STL] fold 1 using per-fold log_T output/check2hgi_resln_design_j/florida/region_transition_log_seed42_fold2.pt
2026-05-30 04:32:11,024 - INFO -   fold 1: Acc@1=0.4551 Acc@5=0.6279 Acc@10=0.6909 MRR=0.5366 F1=0.0822 (99.5s, best_ep=10)
2026-05-30 04:32:11,024 - INFO - [C4 STL] fold 2 using per-fold log_T output/check2hgi_resln_design_j/florida/region_transition_log_seed42_fold3.pt
2026-05-30 04:33:50,643 - INFO -   fold 2: Acc@1=0.4683 Acc@5=0.6372 Acc@10=0.6952 MRR=0.5481 F1=0.0895 (99.6s, best_ep=11)
2026-05-30 04:33:50,643 - INFO - [C4 STL] fold 3 using per-fold log_T output/check2hgi_resln_design_j/florida/region_transition_log_seed42_fold4.pt
2026-05-30 04:35:30,303 - INFO -   fold 3: Acc@1=0.4588 Acc@5=0.6370 Acc@10=0.6972 MRR=0.5426 F1=0.0936 (99.7s, best_ep=10)
2026-05-30 04:35:30,303 - INFO - [C4 STL] fold 4 using per-fold log_T output/check2hgi_resln_design_j/florida/region_transition_log_seed42_fold5.pt
2026-05-30 04:37:10,042 - INFO -   fold 4: Acc@1=0.4616 Acc@5=0.6399 Acc@10=0.7009 MRR=0.5450 F1=0.0936 (99.7s, best_ep=9)
2026-05-30 04:37:10,043 - INFO -   AGGREGATE: Acc@1=0.4618+/-0.0052  Acc@10=0.6976+/-0.0051  MRR=0.5440+/-0.0047  F1=0.0918+/-0.0065
2026-05-30 04:37:10,044 - INFO - Saved: docs/results/P1/region_head_florida_region_5f_50ep_RESLN_STL_REG_resln_design_j_florida.json
2026-05-30 04:37:10,044 - INFO - Removed checkpoint docs/results/P1/region_head_florida_region_5f_50ep_RESLN_STL_REG_resln_design_j_florida.checkpoint.json (run complete).

================================================================================
P1 REGION-HEAD ABLATION - florida - 5f x 50ep - input=region
================================================================================
Head                         Acc@1    Acc@5   Acc@10      MRR       F1
--------------------------------------------------------------------------------
next_getnext_hard           46.18%   63.66%   69.76%   54.40%    9.18%
--------------------------------------------------------------------------------
Markov 1-step (floor)         ~12%        —   ~45.9%        —        —
================================================================================
