2026-05-29 23:36:44,595 - INFO - Loading data for arizona (input_type=checkin, region_emb=check2hgi, target=category, engine_override=EmbeddingEngine.CHECK2HGI)...
2026-05-29 23:36:44,595 - INFO - Loading next-POI data: arizona/check2hgi
2026-05-29 23:36:44,726 - INFO - Next-POI data: (26396, 576) (dim=64, window=9), distribution: {np.int64(0): np.int64(3295), np.int64(1): np.int64(1647), np.int64(2): np.int64(8977), np.int64(3): np.int64(1253), np.int64(4): np.int64(1411), np.int64(5): np.int64(6944), np.int64(6): np.int64(2869)}
2026-05-29 23:36:44,805 - INFO - x=torch.Size([26396, 9, 64]), emb_dim=64, target=category(7 classes), n_seqs=26396, last_region_idx=present
2026-05-29 23:36:45,058 - INFO - No checkpoint — starting fresh. Will save to docs/results/P1/region_head_arizona_checkin_5f_50ep_RESLN_STL_CAT_canonical_arizona.checkpoint.json after each fold.
2026-05-29 23:36:45,058 - INFO - ============================================================
2026-05-29 23:36:45,058 - INFO - HEAD: next_gru (5 folds x 50 epochs, max_lr=3e-03, ls=0.00, input_ln=False)
2026-05-29 23:36:45,058 - INFO - ============================================================
2026-05-29 23:36:50,619 - INFO -   fold 0: Acc@1=0.4164 Acc@5=0.9214 Acc@10=1.0000 MRR=0.6256 F1=0.2340 (5.6s, best_ep=1)
2026-05-29 23:36:55,437 - INFO -   fold 1: Acc@1=0.4120 Acc@5=0.9176 Acc@10=1.0000 MRR=0.6212 F1=0.2028 (4.8s, best_ep=1)
2026-05-29 23:37:00,478 - INFO -   fold 2: Acc@1=0.4275 Acc@5=0.9136 Acc@10=1.0000 MRR=0.6331 F1=0.2500 (5.0s, best_ep=1)
2026-05-29 23:37:05,650 - INFO -   fold 3: Acc@1=0.4286 Acc@5=0.9095 Acc@10=1.0000 MRR=0.6318 F1=0.2476 (5.2s, best_ep=1)
2026-05-29 23:37:10,476 - INFO -   fold 4: Acc@1=0.4349 Acc@5=0.9212 Acc@10=1.0000 MRR=0.6353 F1=0.2393 (4.8s, best_ep=1)
2026-05-29 23:37:10,477 - INFO -   AGGREGATE: Acc@1=0.4239+/-0.0094  Acc@10=1.0000+/-0.0000  MRR=0.6294+/-0.0058  F1=0.2347+/-0.0189
2026-05-29 23:37:10,477 - INFO - Saved: docs/results/P1/region_head_arizona_checkin_5f_50ep_RESLN_STL_CAT_canonical_arizona.json
2026-05-29 23:37:10,477 - INFO - Removed checkpoint docs/results/P1/region_head_arizona_checkin_5f_50ep_RESLN_STL_CAT_canonical_arizona.checkpoint.json (run complete).

================================================================================
P1 REGION-HEAD ABLATION - arizona - 5f x 50ep - input=checkin
================================================================================
Head                         Acc@1    Acc@5   Acc@10      MRR       F1
--------------------------------------------------------------------------------
next_gru                    42.39%   91.67%  100.00%   62.94%   23.47%
--------------------------------------------------------------------------------
Markov 1-step (floor)         ~12%        —        ?        —        —
================================================================================
