### Waiting for any in-flight FL W=0.0 to finish ###
[cp] FL W0.0 results/check2hgi/florida/mtlnet_lr1.0e-04_bs2048_ep50_20260528_201952_3943739
[gpu] 39522 MiB free — OK to launch
[gpu-snapshot] 2026-05-28T20:37:24Z florida W0.2: 39522 MiB free
=== florida W0.2 (bs=2048) -> docs/results/substrate_protocol_cleanup/tier_a1_largestate/florida/W0.2/seed42/run.log ===
[done] florida W0.2 rc=120
mkdir: cannot create directory ‘docs/results/substrate_protocol_cleanup/tier_a1_largestate/california/W0.0’: No space left on device
[gpu] 39522 MiB free — OK to launch
[gpu-snapshot] 2026-05-28T20:38:34Z california W0.0: 39522 MiB free
=== california W0.0 (bs=1024) -> docs/results/substrate_protocol_cleanup/tier_a1_largestate/california/W0.0/seed42/run.log ===
scripts/substrate_protocol_cleanup/run_a1_largestate_pilot.sh: line 35: docs/results/substrate_protocol_cleanup/tier_a1_largestate/california/W0.0/seed42/run.log: No such file or directory
[done] california W0.0 rc=1
mkdir: cannot create directory ‘docs/results/substrate_protocol_cleanup/tier_a1_largestate/california/W0.2’: No space left on device
[gpu] 39522 MiB free — OK to launch
[gpu-snapshot] 2026-05-28T20:38:34Z california W0.2: 39522 MiB free
=== california W0.2 (bs=1024) -> docs/results/substrate_protocol_cleanup/tier_a1_largestate/california/W0.2/seed42/run.log ===
scripts/substrate_protocol_cleanup/run_a1_largestate_pilot.sh: line 35: docs/results/substrate_protocol_cleanup/tier_a1_largestate/california/W0.2/seed42/run.log: No such file or directory
[done] california W0.2 rc=1
mkdir: cannot create directory ‘docs/results/substrate_protocol_cleanup/tier_a1_largestate/texas/W0.0’: No space left on device
[gpu] 39522 MiB free — OK to launch
[gpu-snapshot] 2026-05-28T20:38:34Z texas W0.0: 39522 MiB free
=== texas W0.0 (bs=512) -> docs/results/substrate_protocol_cleanup/tier_a1_largestate/texas/W0.0/seed42/run.log ===
scripts/substrate_protocol_cleanup/run_a1_largestate_pilot.sh: line 35: docs/results/substrate_protocol_cleanup/tier_a1_largestate/texas/W0.0/seed42/run.log: No such file or directory
[done] texas W0.0 rc=1
mkdir: cannot create directory ‘docs/results/substrate_protocol_cleanup/tier_a1_largestate/texas/W0.2’: No space left on device
[gpu] 39522 MiB free — OK to launch
[gpu-snapshot] 2026-05-28T20:38:34Z texas W0.2: 39522 MiB free
=== texas W0.2 (bs=512) -> docs/results/substrate_protocol_cleanup/tier_a1_largestate/texas/W0.2/seed42/run.log ===
scripts/substrate_protocol_cleanup/run_a1_largestate_pilot.sh: line 35: docs/results/substrate_protocol_cleanup/tier_a1_largestate/texas/W0.2/seed42/run.log: No such file or directory
[done] texas W0.2 rc=1
### PILOT DRIVER COMPLETE ###
