2026-05-30 04:26:44,760 - INFO - Loading data for alabama (input_type=checkin, region_emb=check2hgi, target=category, engine_override=EmbeddingEngine.CHECK2HGI_RESLN_DESIGN_J)...
2026-05-30 04:26:44,760 - INFO - Loading next-POI data: alabama/check2hgi_resln_design_j
2026-05-30 04:26:44,825 - INFO - Next-POI data: (12709, 576) (dim=64, window=9), distribution: {np.int64(0): np.int64(2193), np.int64(1): np.int64(837), np.int64(2): np.int64(4345), np.int64(3): np.int64(453), np.int64(4): np.int64(712), np.int64(5): np.int64(3288), np.int64(6): np.int64(881)}
2026-05-30 04:26:44,861 - INFO - x=torch.Size([12709, 9, 64]), emb_dim=64, target=category(7 classes), n_seqs=12709, last_region_idx=present
2026-05-30 04:26:44,985 - INFO - No checkpoint — starting fresh. Will save to docs/results/P1/region_head_alabama_checkin_5f_50ep_RESLN_STL_CAT_resln_design_j_alabama.checkpoint.json after each fold.
2026-05-30 04:26:44,985 - INFO - ============================================================
2026-05-30 04:26:44,985 - INFO - HEAD: next_gru (5 folds x 50 epochs, max_lr=3e-03, ls=0.00, input_ln=False)
2026-05-30 04:26:44,985 - INFO - ============================================================
2026-05-30 04:26:48,023 - INFO -   fold 0: Acc@1=0.3662 Acc@5=0.9056 Acc@10=1.0000 MRR=0.5875 F1=0.1314 (3.0s, best_ep=1)
2026-05-30 04:26:50,712 - INFO -   fold 1: Acc@1=0.3710 Acc@5=0.9032 Acc@10=1.0000 MRR=0.5918 F1=0.1256 (2.7s, best_ep=1)
2026-05-30 04:26:53,316 - INFO -   fold 2: Acc@1=0.3816 Acc@5=0.8922 Acc@10=1.0000 MRR=0.5986 F1=0.1476 (2.6s, best_ep=1)
2026-05-30 04:26:55,993 - INFO -   fold 3: Acc@1=0.3895 Acc@5=0.9072 Acc@10=1.0000 MRR=0.6059 F1=0.1502 (2.7s, best_ep=1)
2026-05-30 04:26:58,670 - INFO -   fold 4: Acc@1=0.3546 Acc@5=0.9063 Acc@10=1.0000 MRR=0.5852 F1=0.1331 (2.7s, best_ep=1)
2026-05-30 04:26:58,671 - INFO -   AGGREGATE: Acc@1=0.3726+/-0.0135  Acc@10=1.0000+/-0.0000  MRR=0.5938+/-0.0085  F1=0.1376+/-0.0107
2026-05-30 04:26:58,672 - INFO - Saved: docs/results/P1/region_head_alabama_checkin_5f_50ep_RESLN_STL_CAT_resln_design_j_alabama.json
2026-05-30 04:26:58,672 - INFO - Removed checkpoint docs/results/P1/region_head_alabama_checkin_5f_50ep_RESLN_STL_CAT_resln_design_j_alabama.checkpoint.json (run complete).

================================================================================
P1 REGION-HEAD ABLATION - alabama - 5f x 50ep - input=checkin
================================================================================
Head                         Acc@1    Acc@5   Acc@10      MRR       F1
--------------------------------------------------------------------------------
next_gru                    37.26%   90.29%  100.00%   59.38%   13.76%
--------------------------------------------------------------------------------
Markov 1-step (floor)         ~12%        —   ~21.3%        —        —
================================================================================
