usage: train.py [-h] [--state STATE]
                [--engine {dgi,hgi,hmrm,time2vec,space2vec,sphere2vec,check2hgi,check2hgi_pooled,check2hgi_poi2vec,c2hgi_hgi_concat,check2hgi_design_e,check2hgi_design_b,check2hgi_design_h,check2hgi_design_d,check2hgi_design_i,check2hgi_design_j,check2hgi_design_m,poi2hgi,fusion}]
                [--task {mtl,category,next}]
                [--task-set {check2hgi_next_region,legacy_category_next}]
                [--model MODEL_NAME] [--candidate CANDIDATE]
                [--model-param KEY=VALUE] [--mtl-loss MTL_LOSS]
                [--mtl-loss-param KEY=VALUE]
                [--category-weight CATEGORY_WEIGHT]
                [--gradient-accumulation-steps GRADIENT_ACCUMULATION_STEPS]
                [--use-class-weights] [--no-class-weights]
                [--task-a-input-type {checkin,region,concat}]
                [--task-b-input-type {checkin,region,concat}]
                [--next-target {next_category,next_poi}] [--seed SEED]
                [--epochs EPOCHS] [--batch-size BATCH_SIZE] [--max-lr MAX_LR]
                [--scheduler {onecycle,constant,cosine,warmup_constant,reg_head_warmup_decay}]
                [--reg-head-warmup-decay-peak-mult REG_HEAD_WARMUP_DECAY_PEAK_MULT]
                [--reg-head-warmup-decay-warmup-epochs REG_HEAD_WARMUP_DECAY_WARMUP_EPOCHS]
                [--reg-head-warmup-decay-plateau-epochs REG_HEAD_WARMUP_DECAY_PLATEAU_EPOCHS]
                [--joint-loader-strategy {max_size_cycle,min_size_truncate}]
                [--pct-start PCT_START] [--cat-lr CAT_LR] [--reg-lr REG_LR]
                [--shared-lr SHARED_LR] [--freeze-cat-stream]
                [--freeze-cat-after-epoch N] [--alternating-optimizer-step]
                [--reg-encoder-lr LR] [--reg-head-lr LR]
                [--reg-head-param KEY=VALUE] [--per-fold-transition-dir DIR]
                [--min-best-epoch N] [--alpha-no-weight-decay]
                [--reg-freeze-at-epoch N] [--zero-cat-kv]
                [--save-task-best-snapshots] [--alpha-frozen-until-epoch N]
                [--reg-head REG_HEAD] [--cat-head-param KEY=VALUE]
                [--cat-head CAT_HEAD] [--folds FOLDS]
                [--embedding-dim EMBEDDING_DIM] [--config CONFIG]
                [--replace-model-params] [--folds-path FOLDS_PATH]
                [--no-folds-cache] [--no-checkpoints] [--tf32]
                [--weight-decay WEIGHT_DECAY] [--adam-eps ADAM_EPS]
                [--max-grad-norm MAX_GRAD_NORM] [--eta-min ETA_MIN]
                [--compile]
train.py: error: unrecognized arguments: --log-t-kd-weight 0.2 --log-t-kd-tau 1.0
