2026-05-29 23:34:55,800 - INFO - Loading data for arizona (input_type=checkin, region_emb=check2hgi, target=category, engine_override=EmbeddingEngine.CHECK2HGI_RESLN_DESIGN_B)...
2026-05-29 23:34:55,800 - INFO - Loading next-POI data: arizona/check2hgi_resln_design_b
2026-05-29 23:34:55,940 - INFO - Next-POI data: (26396, 576) (dim=64, window=9), distribution: {np.int64(0): np.int64(3295), np.int64(1): np.int64(1647), np.int64(2): np.int64(8977), np.int64(3): np.int64(1253), np.int64(4): np.int64(1411), np.int64(5): np.int64(6944), np.int64(6): np.int64(2869)}
2026-05-29 23:34:56,033 - INFO - x=torch.Size([26396, 9, 64]), emb_dim=64, target=category(7 classes), n_seqs=26396, last_region_idx=present
2026-05-29 23:34:56,297 - INFO - No checkpoint — starting fresh. Will save to docs/results/P1/region_head_arizona_checkin_5f_50ep_RESLN_STL_CAT_resln_design_b_arizona.checkpoint.json after each fold.
2026-05-29 23:34:56,297 - INFO - ============================================================
2026-05-29 23:34:56,297 - INFO - HEAD: next_gru (5 folds x 50 epochs, max_lr=3e-03, ls=0.00, input_ln=False)
2026-05-29 23:34:56,297 - INFO - ============================================================
2026-05-29 23:35:01,850 - INFO -   fold 0: Acc@1=0.4247 Acc@5=0.9102 Acc@10=1.0000 MRR=0.6297 F1=0.2428 (5.6s, best_ep=1)
2026-05-29 23:35:06,700 - INFO -   fold 1: Acc@1=0.4228 Acc@5=0.9269 Acc@10=1.0000 MRR=0.6284 F1=0.2312 (4.8s, best_ep=1)
2026-05-29 23:35:11,727 - INFO -   fold 2: Acc@1=0.4169 Acc@5=0.9015 Acc@10=1.0000 MRR=0.6243 F1=0.2228 (5.0s, best_ep=1)
2026-05-29 23:35:16,892 - INFO -   fold 3: Acc@1=0.4165 Acc@5=0.9170 Acc@10=1.0000 MRR=0.6219 F1=0.2292 (5.2s, best_ep=1)
2026-05-29 23:35:21,708 - INFO -   fold 4: Acc@1=0.4283 Acc@5=0.9113 Acc@10=1.0000 MRR=0.6279 F1=0.2403 (4.8s, best_ep=1)
2026-05-29 23:35:21,709 - INFO -   AGGREGATE: Acc@1=0.4218+/-0.0051  Acc@10=1.0000+/-0.0000  MRR=0.6264+/-0.0032  F1=0.2333+/-0.0082
2026-05-29 23:35:21,710 - INFO - Saved: docs/results/P1/region_head_arizona_checkin_5f_50ep_RESLN_STL_CAT_resln_design_b_arizona.json
2026-05-29 23:35:21,710 - INFO - Removed checkpoint docs/results/P1/region_head_arizona_checkin_5f_50ep_RESLN_STL_CAT_resln_design_b_arizona.checkpoint.json (run complete).

================================================================================
P1 REGION-HEAD ABLATION - arizona - 5f x 50ep - input=checkin
================================================================================
Head                         Acc@1    Acc@5   Acc@10      MRR       F1
--------------------------------------------------------------------------------
next_gru                    42.18%   91.34%  100.00%   62.64%   23.33%
--------------------------------------------------------------------------------
Markov 1-step (floor)         ~12%        —        ?        —        —
================================================================================
