2026-05-30 00:07:18,911 - INFO - Loading data for florida (input_type=checkin, region_emb=check2hgi, target=category, engine_override=EmbeddingEngine.CHECK2HGI)...
2026-05-30 00:07:18,911 - INFO - Loading next-POI data: florida/check2hgi
2026-05-30 00:07:19,542 - INFO - Next-POI data: (159175, 576) (dim=64, window=9), distribution: {np.int64(0): np.int64(15723), np.int64(1): np.int64(13858), np.int64(2): np.int64(39296), np.int64(3): np.int64(7048), np.int64(4): np.int64(11081), np.int64(5): np.int64(33509), np.int64(6): np.int64(38660)}
2026-05-30 00:07:19,967 - INFO - x=torch.Size([159175, 9, 64]), emb_dim=64, target=category(7 classes), n_seqs=159175, last_region_idx=present
2026-05-30 00:07:21,042 - INFO - No checkpoint — starting fresh. Will save to docs/results/P1/region_head_florida_checkin_5f_50ep_RESLN_STL_CAT_canonical_florida.checkpoint.json after each fold.
2026-05-30 00:07:21,042 - INFO - ============================================================
2026-05-30 00:07:21,042 - INFO - HEAD: next_gru (5 folds x 50 epochs, max_lr=3e-03, ls=0.00, input_ln=False)
2026-05-30 00:07:21,042 - INFO - ============================================================
2026-05-30 00:07:50,979 - INFO -   fold 0: Acc@1=0.4842 Acc@5=0.9518 Acc@10=1.0000 MRR=0.6718 F1=0.3917 (29.9s, best_ep=1)
2026-05-30 00:08:20,468 - INFO -   fold 1: Acc@1=0.4840 Acc@5=0.9469 Acc@10=1.0000 MRR=0.6706 F1=0.3834 (29.5s, best_ep=1)
2026-05-30 00:08:49,953 - INFO -   fold 2: Acc@1=0.4828 Acc@5=0.9514 Acc@10=1.0000 MRR=0.6712 F1=0.3889 (29.5s, best_ep=1)
2026-05-30 00:09:19,311 - INFO -   fold 3: Acc@1=0.4843 Acc@5=0.9507 Acc@10=1.0000 MRR=0.6722 F1=0.3884 (29.4s, best_ep=1)
2026-05-30 00:09:48,780 - INFO -   fold 4: Acc@1=0.4747 Acc@5=0.9512 Acc@10=1.0000 MRR=0.6656 F1=0.3815 (29.5s, best_ep=1)
2026-05-30 00:09:48,781 - INFO -   AGGREGATE: Acc@1=0.4820+/-0.0041  Acc@10=1.0000+/-0.0000  MRR=0.6703+/-0.0027  F1=0.3868+/-0.0042
2026-05-30 00:09:48,781 - INFO - Saved: docs/results/P1/region_head_florida_checkin_5f_50ep_RESLN_STL_CAT_canonical_florida.json
2026-05-30 00:09:48,781 - INFO - Removed checkpoint docs/results/P1/region_head_florida_checkin_5f_50ep_RESLN_STL_CAT_canonical_florida.checkpoint.json (run complete).

================================================================================
P1 REGION-HEAD ABLATION - florida - 5f x 50ep - input=checkin
================================================================================
Head                         Acc@1    Acc@5   Acc@10      MRR       F1
--------------------------------------------------------------------------------
next_gru                    48.20%   95.04%  100.00%   67.03%   38.68%
--------------------------------------------------------------------------------
Markov 1-step (floor)         ~12%        —   ~45.9%        —        —
================================================================================
