2026-05-29 23:58:56,811 - INFO - Loading data for florida (input_type=region, region_emb=check2hgi, target=region, engine_override=None)...
2026-05-29 23:58:56,811 - INFO - Loading next-POI data: florida/check2hgi
2026-05-29 23:58:57,442 - INFO - Next-POI data: (159175, 576) (dim=64, window=9), distribution: {np.int64(0): np.int64(15723), np.int64(1): np.int64(13858), np.int64(2): np.int64(39296), np.int64(3): np.int64(7048), np.int64(4): np.int64(11081), np.int64(5): np.int64(33509), np.int64(6): np.int64(38660)}
2026-05-29 23:58:58,485 - INFO - x=torch.Size([159175, 9, 64]), emb_dim=64, n_regions=4702, n_seqs=159175, last_region_idx=present
2026-05-29 23:58:59,579 - INFO - No checkpoint — starting fresh. Will save to docs/results/P1/region_head_florida_region_5f_50ep_RESLN_STL_REG_canonical_florida.checkpoint.json after each fold.
2026-05-29 23:58:59,579 - INFO - ============================================================
2026-05-29 23:58:59,579 - INFO - HEAD: next_getnext_hard (5 folds x 50 epochs, max_lr=3e-03, ls=0.00, input_ln=False)
2026-05-29 23:58:59,579 - INFO - ============================================================
2026-05-29 23:58:59,579 - INFO - [C4 STL] fold 0 using per-fold log_T output/check2hgi/florida/region_transition_log_seed42_fold1.pt
/home/vitor.oliveira/PoiMtlNet/src/tracking/metrics.py:64: UserWarning: _bincount_cuda does not have a deterministic implementation, but you set 'torch.use_deterministic_algorithms(True, warn_only=True)'. You can file an issue at https://github.com/pytorch/pytorch/issues to help us prioritize adding deterministic support for this operation. (Triggered internally at /pytorch/aten/src/ATen/Context.cpp:160.)
  tp = torch.bincount(targets, weights=correct, minlength=num_classes)
2026-05-30 00:00:38,795 - INFO -   fold 0: Acc@1=0.4638 Acc@5=0.6410 Acc@10=0.7016 MRR=0.5463 F1=0.0939 (99.2s, best_ep=9)
2026-05-30 00:00:38,796 - INFO - [C4 STL] fold 1 using per-fold log_T output/check2hgi/florida/region_transition_log_seed42_fold2.pt
2026-05-30 00:02:18,257 - INFO -   fold 1: Acc@1=0.4515 Acc@5=0.6243 Acc@10=0.6876 MRR=0.5329 F1=0.0711 (99.5s, best_ep=8)
2026-05-30 00:02:18,257 - INFO - [C4 STL] fold 2 using per-fold log_T output/check2hgi/florida/region_transition_log_seed42_fold3.pt
2026-05-30 00:03:57,703 - INFO -   fold 2: Acc@1=0.4713 Acc@5=0.6395 Acc@10=0.6970 MRR=0.5499 F1=0.0915 (99.4s, best_ep=10)
2026-05-30 00:03:57,704 - INFO - [C4 STL] fold 3 using per-fold log_T output/check2hgi/florida/region_transition_log_seed42_fold4.pt
2026-05-30 00:05:37,137 - INFO -   fold 3: Acc@1=0.4543 Acc@5=0.6374 Acc@10=0.6984 MRR=0.5392 F1=0.0847 (99.4s, best_ep=8)
2026-05-30 00:05:37,137 - INFO - [C4 STL] fold 4 using per-fold log_T output/check2hgi/florida/region_transition_log_seed42_fold5.pt
2026-05-30 00:07:16,586 - INFO -   fold 4: Acc@1=0.4545 Acc@5=0.6354 Acc@10=0.6997 MRR=0.5391 F1=0.0856 (99.4s, best_ep=8)
2026-05-30 00:07:16,587 - INFO -   AGGREGATE: Acc@1=0.4591+/-0.0083  Acc@10=0.6968+/-0.0054  MRR=0.5415+/-0.0067  F1=0.0854+/-0.0089
2026-05-30 00:07:16,587 - INFO - Saved: docs/results/P1/region_head_florida_region_5f_50ep_RESLN_STL_REG_canonical_florida.json
2026-05-30 00:07:16,587 - INFO - Removed checkpoint docs/results/P1/region_head_florida_region_5f_50ep_RESLN_STL_REG_canonical_florida.checkpoint.json (run complete).

================================================================================
P1 REGION-HEAD ABLATION - florida - 5f x 50ep - input=region
================================================================================
Head                         Acc@1    Acc@5   Acc@10      MRR       F1
--------------------------------------------------------------------------------
next_getnext_hard           45.91%   63.55%   69.68%   54.15%    8.54%
--------------------------------------------------------------------------------
Markov 1-step (floor)         ~12%        —   ~45.9%        —        —
================================================================================
