2026-05-29 23:29:53,615 - INFO - Loading data for alabama (input_type=region, region_emb=check2hgi_resln_design_b, target=region, engine_override=None)...
2026-05-29 23:29:53,615 - INFO - Loading next-POI data: alabama/check2hgi
2026-05-29 23:29:53,680 - INFO - Next-POI data: (12709, 576) (dim=64, window=9), distribution: {np.int64(0): np.int64(2193), np.int64(1): np.int64(837), np.int64(2): np.int64(4345), np.int64(3): np.int64(453), np.int64(4): np.int64(712), np.int64(5): np.int64(3288), np.int64(6): np.int64(881)}
2026-05-29 23:29:53,772 - INFO - x=torch.Size([12709, 9, 64]), emb_dim=64, n_regions=1109, n_seqs=12709, last_region_idx=present
2026-05-29 23:29:53,897 - INFO - No checkpoint — starting fresh. Will save to docs/results/P1/region_head_alabama_region_5f_50ep_RESLN_STL_REG_resln_design_b_alabama.checkpoint.json after each fold.
2026-05-29 23:29:53,897 - INFO - ============================================================
2026-05-29 23:29:53,897 - INFO - HEAD: next_getnext_hard (5 folds x 50 epochs, max_lr=3e-03, ls=0.00, input_ln=False)
2026-05-29 23:29:53,897 - INFO - ============================================================
2026-05-29 23:29:53,897 - INFO - [C4 STL] fold 0 using per-fold log_T output/check2hgi_resln_design_b/alabama/region_transition_log_seed42_fold1.pt
/home/vitor.oliveira/PoiMtlNet/src/tracking/metrics.py:64: UserWarning: _bincount_cuda does not have a deterministic implementation, but you set 'torch.use_deterministic_algorithms(True, warn_only=True)'. You can file an issue at https://github.com/pytorch/pytorch/issues to help us prioritize adding deterministic support for this operation. (Triggered internally at /pytorch/aten/src/ATen/Context.cpp:160.)
  tp = torch.bincount(targets, weights=correct, minlength=num_classes)
2026-05-29 23:30:01,708 - INFO -   fold 0: Acc@1=0.2836 Acc@5=0.5559 Acc@10=0.6515 MRR=0.4075 F1=0.0938 (7.8s, best_ep=17)
2026-05-29 23:30:01,709 - INFO - [C4 STL] fold 1 using per-fold log_T output/check2hgi_resln_design_b/alabama/region_transition_log_seed42_fold2.pt
2026-05-29 23:30:09,166 - INFO -   fold 1: Acc@1=0.2526 Acc@5=0.5071 Acc@10=0.6255 MRR=0.3766 F1=0.0837 (7.5s, best_ep=24)
2026-05-29 23:30:09,166 - INFO - [C4 STL] fold 2 using per-fold log_T output/check2hgi_resln_design_b/alabama/region_transition_log_seed42_fold3.pt
2026-05-29 23:30:16,573 - INFO -   fold 2: Acc@1=0.2533 Acc@5=0.5216 Acc@10=0.6420 MRR=0.3797 F1=0.0922 (7.4s, best_ep=18)
2026-05-29 23:30:16,573 - INFO - [C4 STL] fold 3 using per-fold log_T output/check2hgi_resln_design_b/alabama/region_transition_log_seed42_fold4.pt
2026-05-29 23:30:23,985 - INFO -   fold 3: Acc@1=0.2691 Acc@5=0.5118 Acc@10=0.6208 MRR=0.3866 F1=0.0749 (7.4s, best_ep=22)
2026-05-29 23:30:23,985 - INFO - [C4 STL] fold 4 using per-fold log_T output/check2hgi_resln_design_b/alabama/region_transition_log_seed42_fold5.pt
2026-05-29 23:30:31,408 - INFO -   fold 4: Acc@1=0.2452 Acc@5=0.4526 Acc@10=0.5596 MRR=0.3486 F1=0.0837 (7.4s, best_ep=24)
2026-05-29 23:30:31,409 - INFO -   AGGREGATE: Acc@1=0.2608+/-0.0155  Acc@10=0.6199+/-0.0359  MRR=0.3798+/-0.0212  F1=0.0857+/-0.0076
2026-05-29 23:30:31,410 - INFO - Saved: docs/results/P1/region_head_alabama_region_5f_50ep_RESLN_STL_REG_resln_design_b_alabama.json
2026-05-29 23:30:31,410 - INFO - Removed checkpoint docs/results/P1/region_head_alabama_region_5f_50ep_RESLN_STL_REG_resln_design_b_alabama.checkpoint.json (run complete).

================================================================================
P1 REGION-HEAD ABLATION - alabama - 5f x 50ep - input=region
================================================================================
Head                         Acc@1    Acc@5   Acc@10      MRR       F1
--------------------------------------------------------------------------------
next_getnext_hard           26.08%   50.98%   61.99%   37.98%    8.57%
--------------------------------------------------------------------------------
Markov 1-step (floor)         ~12%        —   ~21.3%        —        —
================================================================================
