2026-05-29 23:33:35,235 - INFO - Loading data for arizona (input_type=region, region_emb=check2hgi_resln_design_b, target=region, engine_override=None)...
2026-05-29 23:33:35,235 - INFO - Loading next-POI data: arizona/check2hgi
2026-05-29 23:33:35,371 - INFO - Next-POI data: (26396, 576) (dim=64, window=9), distribution: {np.int64(0): np.int64(3295), np.int64(1): np.int64(1647), np.int64(2): np.int64(8977), np.int64(3): np.int64(1253), np.int64(4): np.int64(1411), np.int64(5): np.int64(6944), np.int64(6): np.int64(2869)}
2026-05-29 23:33:35,567 - INFO - x=torch.Size([26396, 9, 64]), emb_dim=64, n_regions=1540, n_seqs=26396, last_region_idx=present
2026-05-29 23:33:35,817 - INFO - No checkpoint — starting fresh. Will save to docs/results/P1/region_head_arizona_region_5f_50ep_RESLN_STL_REG_resln_design_b_arizona.checkpoint.json after each fold.
2026-05-29 23:33:35,817 - INFO - ============================================================
2026-05-29 23:33:35,817 - INFO - HEAD: next_getnext_hard (5 folds x 50 epochs, max_lr=3e-03, ls=0.00, input_ln=False)
2026-05-29 23:33:35,817 - INFO - ============================================================
2026-05-29 23:33:35,817 - INFO - [C4 STL] fold 0 using per-fold log_T output/check2hgi_resln_design_b/arizona/region_transition_log_seed42_fold1.pt
/home/vitor.oliveira/PoiMtlNet/src/tracking/metrics.py:64: UserWarning: _bincount_cuda does not have a deterministic implementation, but you set 'torch.use_deterministic_algorithms(True, warn_only=True)'. You can file an issue at https://github.com/pytorch/pytorch/issues to help us prioritize adding deterministic support for this operation. (Triggered internally at /pytorch/aten/src/ATen/Context.cpp:160.)
  tp = torch.bincount(targets, weights=correct, minlength=num_classes)
2026-05-29 23:33:51,630 - INFO -   fold 0: Acc@1=0.2516 Acc@5=0.4444 Acc@10=0.5363 MRR=0.3460 F1=0.0765 (15.8s, best_ep=18)
2026-05-29 23:33:51,630 - INFO - [C4 STL] fold 1 using per-fold log_T output/check2hgi_resln_design_b/arizona/region_transition_log_seed42_fold2.pt
2026-05-29 23:34:07,121 - INFO -   fold 1: Acc@1=0.2618 Acc@5=0.4571 Acc@10=0.5456 MRR=0.3577 F1=0.0706 (15.5s, best_ep=13)
2026-05-29 23:34:07,122 - INFO - [C4 STL] fold 2 using per-fold log_T output/check2hgi_resln_design_b/arizona/region_transition_log_seed42_fold3.pt
2026-05-29 23:34:22,572 - INFO -   fold 2: Acc@1=0.2654 Acc@5=0.4569 Acc@10=0.5478 MRR=0.3610 F1=0.0738 (15.5s, best_ep=16)
2026-05-29 23:34:22,573 - INFO - [C4 STL] fold 3 using per-fold log_T output/check2hgi_resln_design_b/arizona/region_transition_log_seed42_fold4.pt
2026-05-29 23:34:38,033 - INFO -   fold 3: Acc@1=0.2021 Acc@5=0.3898 Acc@10=0.4761 MRR=0.2937 F1=0.0611 (15.5s, best_ep=14)
2026-05-29 23:34:38,033 - INFO - [C4 STL] fold 4 using per-fold log_T output/check2hgi_resln_design_b/arizona/region_transition_log_seed42_fold5.pt
2026-05-29 23:34:53,505 - INFO -   fold 4: Acc@1=0.2588 Acc@5=0.4525 Acc@10=0.5433 MRR=0.3543 F1=0.0681 (15.5s, best_ep=14)
2026-05-29 23:34:53,506 - INFO -   AGGREGATE: Acc@1=0.2479+/-0.0261  Acc@10=0.5298+/-0.0303  MRR=0.3425+/-0.0279  F1=0.0700+/-0.0059
2026-05-29 23:34:53,507 - INFO - Saved: docs/results/P1/region_head_arizona_region_5f_50ep_RESLN_STL_REG_resln_design_b_arizona.json
2026-05-29 23:34:53,507 - INFO - Removed checkpoint docs/results/P1/region_head_arizona_region_5f_50ep_RESLN_STL_REG_resln_design_b_arizona.checkpoint.json (run complete).

================================================================================
P1 REGION-HEAD ABLATION - arizona - 5f x 50ep - input=region
================================================================================
Head                         Acc@1    Acc@5   Acc@10      MRR       F1
--------------------------------------------------------------------------------
next_getnext_hard           24.79%   44.01%   52.98%   34.25%    7.00%
--------------------------------------------------------------------------------
Markov 1-step (floor)         ~12%        —        ?        —        —
================================================================================
