2026-05-30 04:28:21,553 - INFO - Loading data for arizona (input_type=checkin, region_emb=check2hgi, target=category, engine_override=EmbeddingEngine.CHECK2HGI_RESLN_DESIGN_J)...
2026-05-30 04:28:21,553 - INFO - Loading next-POI data: arizona/check2hgi_resln_design_j
2026-05-30 04:28:21,671 - INFO - Next-POI data: (26396, 576) (dim=64, window=9), distribution: {np.int64(0): np.int64(3295), np.int64(1): np.int64(1647), np.int64(2): np.int64(8977), np.int64(3): np.int64(1253), np.int64(4): np.int64(1411), np.int64(5): np.int64(6944), np.int64(6): np.int64(2869)}
2026-05-30 04:28:21,754 - INFO - x=torch.Size([26396, 9, 64]), emb_dim=64, target=category(7 classes), n_seqs=26396, last_region_idx=present
2026-05-30 04:28:22,002 - INFO - No checkpoint — starting fresh. Will save to docs/results/P1/region_head_arizona_checkin_5f_50ep_RESLN_STL_CAT_resln_design_j_arizona.checkpoint.json after each fold.
2026-05-30 04:28:22,002 - INFO - ============================================================
2026-05-30 04:28:22,002 - INFO - HEAD: next_gru (5 folds x 50 epochs, max_lr=3e-03, ls=0.00, input_ln=False)
2026-05-30 04:28:22,002 - INFO - ============================================================
2026-05-30 04:28:27,553 - INFO -   fold 0: Acc@1=0.4149 Acc@5=0.9129 Acc@10=1.0000 MRR=0.6237 F1=0.2294 (5.6s, best_ep=1)
2026-05-30 04:28:32,406 - INFO -   fold 1: Acc@1=0.4086 Acc@5=0.9180 Acc@10=1.0000 MRR=0.6192 F1=0.2132 (4.9s, best_ep=1)
2026-05-30 04:28:37,497 - INFO -   fold 2: Acc@1=0.4291 Acc@5=0.9093 Acc@10=1.0000 MRR=0.6332 F1=0.2521 (5.1s, best_ep=1)
2026-05-30 04:28:42,671 - INFO -   fold 3: Acc@1=0.4250 Acc@5=0.9062 Acc@10=1.0000 MRR=0.6298 F1=0.2446 (5.2s, best_ep=1)
2026-05-30 04:28:47,493 - INFO -   fold 4: Acc@1=0.4306 Acc@5=0.9178 Acc@10=1.0000 MRR=0.6322 F1=0.2329 (4.8s, best_ep=1)
2026-05-30 04:28:47,494 - INFO -   AGGREGATE: Acc@1=0.4216+/-0.0095  Acc@10=1.0000+/-0.0000  MRR=0.6276+/-0.0060  F1=0.2344+/-0.0150
2026-05-30 04:28:47,494 - INFO - Saved: docs/results/P1/region_head_arizona_checkin_5f_50ep_RESLN_STL_CAT_resln_design_j_arizona.json
2026-05-30 04:28:47,494 - INFO - Removed checkpoint docs/results/P1/region_head_arizona_checkin_5f_50ep_RESLN_STL_CAT_resln_design_j_arizona.checkpoint.json (run complete).

================================================================================
P1 REGION-HEAD ABLATION - arizona - 5f x 50ep - input=checkin
================================================================================
Head                         Acc@1    Acc@5   Acc@10      MRR       F1
--------------------------------------------------------------------------------
next_gru                    42.16%   91.28%  100.00%   62.76%   23.44%
--------------------------------------------------------------------------------
Markov 1-step (floor)         ~12%        —        ?        —        —
================================================================================
