2026-05-30 04:26:05,011 - INFO - Loading data for alabama (input_type=region, region_emb=check2hgi_resln_design_j, target=region, engine_override=None)...
2026-05-30 04:26:05,011 - INFO - Loading next-POI data: alabama/check2hgi
2026-05-30 04:26:05,084 - INFO - Next-POI data: (12709, 576) (dim=64, window=9), distribution: {np.int64(0): np.int64(2193), np.int64(1): np.int64(837), np.int64(2): np.int64(4345), np.int64(3): np.int64(453), np.int64(4): np.int64(712), np.int64(5): np.int64(3288), np.int64(6): np.int64(881)}
2026-05-30 04:26:05,175 - INFO - x=torch.Size([12709, 9, 64]), emb_dim=64, n_regions=1109, n_seqs=12709, last_region_idx=present
2026-05-30 04:26:05,300 - INFO - No checkpoint — starting fresh. Will save to docs/results/P1/region_head_alabama_region_5f_50ep_RESLN_STL_REG_resln_design_j_alabama.checkpoint.json after each fold.
2026-05-30 04:26:05,300 - INFO - ============================================================
2026-05-30 04:26:05,300 - INFO - HEAD: next_getnext_hard (5 folds x 50 epochs, max_lr=3e-03, ls=0.00, input_ln=False)
2026-05-30 04:26:05,300 - INFO - ============================================================
2026-05-30 04:26:05,300 - INFO - [C4 STL] fold 0 using per-fold log_T output/check2hgi_resln_design_j/alabama/region_transition_log_seed42_fold1.pt
/home/vitor.oliveira/PoiMtlNet/src/tracking/metrics.py:64: UserWarning: _bincount_cuda does not have a deterministic implementation, but you set 'torch.use_deterministic_algorithms(True, warn_only=True)'. You can file an issue at https://github.com/pytorch/pytorch/issues to help us prioritize adding deterministic support for this operation. (Triggered internally at /pytorch/aten/src/ATen/Context.cpp:160.)
  tp = torch.bincount(targets, weights=correct, minlength=num_classes)
2026-05-30 04:26:12,964 - INFO -   fold 0: Acc@1=0.2651 Acc@5=0.5551 Acc@10=0.6562 MRR=0.3973 F1=0.0876 (7.7s, best_ep=16)
2026-05-30 04:26:12,964 - INFO - [C4 STL] fold 1 using per-fold log_T output/check2hgi_resln_design_j/alabama/region_transition_log_seed42_fold2.pt
2026-05-30 04:26:20,315 - INFO -   fold 1: Acc@1=0.2589 Acc@5=0.5248 Acc@10=0.6353 MRR=0.3844 F1=0.0770 (7.4s, best_ep=17)
2026-05-30 04:26:20,315 - INFO - [C4 STL] fold 2 using per-fold log_T output/check2hgi_resln_design_j/alabama/region_transition_log_seed42_fold3.pt
2026-05-30 04:26:27,683 - INFO -   fold 2: Acc@1=0.2569 Acc@5=0.5193 Acc@10=0.6416 MRR=0.3819 F1=0.0814 (7.4s, best_ep=13)
2026-05-30 04:26:27,683 - INFO - [C4 STL] fold 3 using per-fold log_T output/check2hgi_resln_design_j/alabama/region_transition_log_seed42_fold4.pt
2026-05-30 04:26:35,060 - INFO -   fold 3: Acc@1=0.2569 Acc@5=0.5165 Acc@10=0.6141 MRR=0.3773 F1=0.0780 (7.4s, best_ep=18)
2026-05-30 04:26:35,060 - INFO - [C4 STL] fold 4 using per-fold log_T output/check2hgi_resln_design_j/alabama/region_transition_log_seed42_fold5.pt
2026-05-30 04:26:42,458 - INFO -   fold 4: Acc@1=0.2393 Acc@5=0.4569 Acc@10=0.5577 MRR=0.3454 F1=0.0766 (7.4s, best_ep=15)
2026-05-30 04:26:42,459 - INFO -   AGGREGATE: Acc@1=0.2554+/-0.0096  Acc@10=0.6210+/-0.0385  MRR=0.3773+/-0.0193  F1=0.0801+/-0.0046
2026-05-30 04:26:42,460 - INFO - Saved: docs/results/P1/region_head_alabama_region_5f_50ep_RESLN_STL_REG_resln_design_j_alabama.json
2026-05-30 04:26:42,460 - INFO - Removed checkpoint docs/results/P1/region_head_alabama_region_5f_50ep_RESLN_STL_REG_resln_design_j_alabama.checkpoint.json (run complete).

================================================================================
P1 REGION-HEAD ABLATION - alabama - 5f x 50ep - input=region
================================================================================
Head                         Acc@1    Acc@5   Acc@10      MRR       F1
--------------------------------------------------------------------------------
next_getnext_hard           25.54%   51.45%   62.10%   37.73%    8.01%
--------------------------------------------------------------------------------
Markov 1-step (floor)         ~12%        —   ~21.3%        —        —
================================================================================
