2026-05-29 23:33:06,872 - INFO - Loading data for arizona (input_type=checkin, region_emb=check2hgi, target=category, engine_override=EmbeddingEngine.CHECK2HGI_RESLN)...
2026-05-29 23:33:06,872 - INFO - Loading next-POI data: arizona/check2hgi_resln
2026-05-29 23:33:07,006 - INFO - Next-POI data: (26396, 576) (dim=64, window=9), distribution: {np.int64(0): np.int64(3295), np.int64(1): np.int64(1647), np.int64(2): np.int64(8977), np.int64(3): np.int64(1253), np.int64(4): np.int64(1411), np.int64(5): np.int64(6944), np.int64(6): np.int64(2869)}
2026-05-29 23:33:07,085 - INFO - x=torch.Size([26396, 9, 64]), emb_dim=64, target=category(7 classes), n_seqs=26396, last_region_idx=present
2026-05-29 23:33:07,335 - INFO - No checkpoint — starting fresh. Will save to docs/results/P1/region_head_arizona_checkin_5f_50ep_RESLN_STL_CAT_resln_arizona.checkpoint.json after each fold.
2026-05-29 23:33:07,335 - INFO - ============================================================
2026-05-29 23:33:07,335 - INFO - HEAD: next_gru (5 folds x 50 epochs, max_lr=3e-03, ls=0.00, input_ln=False)
2026-05-29 23:33:07,335 - INFO - ============================================================
2026-05-29 23:33:12,929 - INFO -   fold 0: Acc@1=0.4160 Acc@5=0.9237 Acc@10=1.0000 MRR=0.6268 F1=0.2343 (5.6s, best_ep=1)
2026-05-29 23:33:17,804 - INFO -   fold 1: Acc@1=0.4175 Acc@5=0.9212 Acc@10=1.0000 MRR=0.6262 F1=0.2261 (4.9s, best_ep=1)
2026-05-29 23:33:22,859 - INFO -   fold 2: Acc@1=0.4319 Acc@5=0.9138 Acc@10=1.0000 MRR=0.6364 F1=0.2553 (5.1s, best_ep=1)
2026-05-29 23:33:28,080 - INFO -   fold 3: Acc@1=0.4246 Acc@5=0.9114 Acc@10=1.0000 MRR=0.6313 F1=0.2483 (5.2s, best_ep=1)
2026-05-29 23:33:32,919 - INFO -   fold 4: Acc@1=0.4325 Acc@5=0.9233 Acc@10=1.0000 MRR=0.6343 F1=0.2412 (4.8s, best_ep=1)
2026-05-29 23:33:32,920 - INFO -   AGGREGATE: Acc@1=0.4245+/-0.0077  Acc@10=1.0000+/-0.0000  MRR=0.6310+/-0.0045  F1=0.2411+/-0.0115
2026-05-29 23:33:32,921 - INFO - Saved: docs/results/P1/region_head_arizona_checkin_5f_50ep_RESLN_STL_CAT_resln_arizona.json
2026-05-29 23:33:32,921 - INFO - Removed checkpoint docs/results/P1/region_head_arizona_checkin_5f_50ep_RESLN_STL_CAT_resln_arizona.checkpoint.json (run complete).

================================================================================
P1 REGION-HEAD ABLATION - arizona - 5f x 50ep - input=checkin
================================================================================
Head                         Acc@1    Acc@5   Acc@10      MRR       F1
--------------------------------------------------------------------------------
next_gru                    42.45%   91.87%  100.00%   63.10%   24.11%
--------------------------------------------------------------------------------
Markov 1-step (floor)         ~12%        —        ?        —        —
================================================================================
