2026-05-30 04:27:01,005 - INFO - Loading data for arizona (input_type=region, region_emb=check2hgi_resln_design_j, target=region, engine_override=None)...
2026-05-30 04:27:01,005 - INFO - Loading next-POI data: arizona/check2hgi
2026-05-30 04:27:01,135 - INFO - Next-POI data: (26396, 576) (dim=64, window=9), distribution: {np.int64(0): np.int64(3295), np.int64(1): np.int64(1647), np.int64(2): np.int64(8977), np.int64(3): np.int64(1253), np.int64(4): np.int64(1411), np.int64(5): np.int64(6944), np.int64(6): np.int64(2869)}
2026-05-30 04:27:01,316 - INFO - x=torch.Size([26396, 9, 64]), emb_dim=64, n_regions=1540, n_seqs=26396, last_region_idx=present
2026-05-30 04:27:01,574 - INFO - No checkpoint — starting fresh. Will save to docs/results/P1/region_head_arizona_region_5f_50ep_RESLN_STL_REG_resln_design_j_arizona.checkpoint.json after each fold.
2026-05-30 04:27:01,574 - INFO - ============================================================
2026-05-30 04:27:01,574 - INFO - HEAD: next_getnext_hard (5 folds x 50 epochs, max_lr=3e-03, ls=0.00, input_ln=False)
2026-05-30 04:27:01,574 - INFO - ============================================================
2026-05-30 04:27:01,574 - INFO - [C4 STL] fold 0 using per-fold log_T output/check2hgi_resln_design_j/arizona/region_transition_log_seed42_fold1.pt
/home/vitor.oliveira/PoiMtlNet/src/tracking/metrics.py:64: UserWarning: _bincount_cuda does not have a deterministic implementation, but you set 'torch.use_deterministic_algorithms(True, warn_only=True)'. You can file an issue at https://github.com/pytorch/pytorch/issues to help us prioritize adding deterministic support for this operation. (Triggered internally at /pytorch/aten/src/ATen/Context.cpp:160.)
  tp = torch.bincount(targets, weights=correct, minlength=num_classes)
2026-05-30 04:27:17,354 - INFO -   fold 0: Acc@1=0.2463 Acc@5=0.4347 Acc@10=0.5274 MRR=0.3398 F1=0.0709 (15.8s, best_ep=20)
2026-05-30 04:27:17,355 - INFO - [C4 STL] fold 1 using per-fold log_T output/check2hgi_resln_design_j/arizona/region_transition_log_seed42_fold2.pt
2026-05-30 04:27:32,814 - INFO -   fold 1: Acc@1=0.2544 Acc@5=0.4505 Acc@10=0.5361 MRR=0.3506 F1=0.0709 (15.5s, best_ep=16)
2026-05-30 04:27:32,815 - INFO - [C4 STL] fold 2 using per-fold log_T output/check2hgi_resln_design_j/arizona/region_transition_log_seed42_fold3.pt
2026-05-30 04:27:48,258 - INFO -   fold 2: Acc@1=0.2597 Acc@5=0.4527 Acc@10=0.5389 MRR=0.3541 F1=0.0584 (15.4s, best_ep=14)
2026-05-30 04:27:48,259 - INFO - [C4 STL] fold 3 using per-fold log_T output/check2hgi_resln_design_j/arizona/region_transition_log_seed42_fold4.pt
2026-05-30 04:28:03,741 - INFO -   fold 3: Acc@1=0.2038 Acc@5=0.3890 Acc@10=0.4739 MRR=0.2925 F1=0.0583 (15.5s, best_ep=18)
2026-05-30 04:28:03,741 - INFO - [C4 STL] fold 4 using per-fold log_T output/check2hgi_resln_design_j/arizona/region_transition_log_seed42_fold5.pt
2026-05-30 04:28:19,228 - INFO -   fold 4: Acc@1=0.2599 Acc@5=0.4489 Acc@10=0.5349 MRR=0.3525 F1=0.0659 (15.5s, best_ep=16)
2026-05-30 04:28:19,229 - INFO -   AGGREGATE: Acc@1=0.2448+/-0.0236  Acc@10=0.5222+/-0.0274  MRR=0.3379+/-0.0260  F1=0.0649+/-0.0063
2026-05-30 04:28:19,230 - INFO - Saved: docs/results/P1/region_head_arizona_region_5f_50ep_RESLN_STL_REG_resln_design_j_arizona.json
2026-05-30 04:28:19,230 - INFO - Removed checkpoint docs/results/P1/region_head_arizona_region_5f_50ep_RESLN_STL_REG_resln_design_j_arizona.checkpoint.json (run complete).

================================================================================
P1 REGION-HEAD ABLATION - arizona - 5f x 50ep - input=region
================================================================================
Head                         Acc@1    Acc@5   Acc@10      MRR       F1
--------------------------------------------------------------------------------
next_getnext_hard           24.48%   43.52%   52.22%   33.79%    6.49%
--------------------------------------------------------------------------------
Markov 1-step (floor)         ~12%        —        ?        —        —
================================================================================
