
================================================================
=== [STL_ALABAMA_check2hgi_cat_next_single_5f50ep] start Mon Apr 27 18:29:16 -03 2026
================================================================
[STL_ALABAMA_check2hgi_cat_next_single_5f50ep] exit 0 at Mon Apr 27 18:31:09 -03 2026

================================================================
=== [STL_ALABAMA_hgi_cat_next_single_5f50ep] start Mon Apr 27 18:31:09 -03 2026
================================================================
[STL_ALABAMA_hgi_cat_next_single_5f50ep] exit 0 at Mon Apr 27 18:33:00 -03 2026

================================================================
=== [STL_ALABAMA_check2hgi_cat_next_lstm_5f50ep] start Mon Apr 27 18:33:00 -03 2026
================================================================
[STL_ALABAMA_check2hgi_cat_next_lstm_5f50ep] exit 0 at Mon Apr 27 18:50:45 -03 2026

================================================================
=== [STL_ALABAMA_hgi_cat_next_lstm_5f50ep] start Mon Apr 27 18:50:45 -03 2026
================================================================
[STL_ALABAMA_hgi_cat_next_lstm_5f50ep] exit 0 at Mon Apr 27 19:08:30 -03 2026

================================================================
=== [STL_ARIZONA_check2hgi_cat_next_single_5f50ep] start Mon Apr 27 19:08:30 -03 2026
================================================================
[STL_ARIZONA_check2hgi_cat_next_single_5f50ep] exit 0 at Mon Apr 27 19:12:18 -03 2026

================================================================
=== [STL_ARIZONA_hgi_cat_next_single_5f50ep] start Mon Apr 27 19:12:18 -03 2026
================================================================
[STL_ARIZONA_hgi_cat_next_single_5f50ep] exit 0 at Mon Apr 27 19:15:54 -03 2026

================================================================
=== [STL_ARIZONA_check2hgi_cat_next_lstm_5f50ep] start Mon Apr 27 19:15:54 -03 2026
================================================================
[STL_ARIZONA_check2hgi_cat_next_lstm_5f50ep] exit 0 at Mon Apr 27 19:53:38 -03 2026

================================================================
=== [STL_ARIZONA_hgi_cat_next_lstm_5f50ep] start Mon Apr 27 19:53:39 -03 2026
================================================================
[STL_ARIZONA_hgi_cat_next_lstm_5f50ep] exit 0 at Mon Apr 27 20:30:05 -03 2026

=== Phase 1 C2 head sweep complete at Mon Apr 27 20:30:05 -03 2026
