
================================================================
=== [STL_ALABAMA_check2hgi_cat_gru_5f50ep] start Mon Apr 27 17:13:02 -03 2026
================================================================
[STL_ALABAMA_check2hgi_cat_gru_5f50ep] exit 0 at Mon Apr 27 17:15:57 -03 2026
[36m[1m2026-04-27 17:15:57 - INFO  -   next         F1:  40.76%  |  Previous best: 40.76% (next_lr1.0e-04_bs1024_ep50_20260427...)[0m

================================================================
=== [STL_ALABAMA_hgi_cat_gru_5f50ep] start Mon Apr 27 17:15:57 -03 2026
================================================================
[STL_ALABAMA_hgi_cat_gru_5f50ep] exit 0 at Mon Apr 27 17:18:52 -03 2026
[36m[1m2026-04-27 17:18:52 - INFO  -   next         F1:  25.26%  |  First run - baseline established[0m

================================================================
=== [STL_ARIZONA_check2hgi_cat_gru_5f50ep] start Mon Apr 27 17:18:52 -03 2026
================================================================
[STL_ARIZONA_check2hgi_cat_gru_5f50ep] exit 0 at Mon Apr 27 17:24:40 -03 2026
[36m[1m2026-04-27 17:24:40 - INFO  -   next         F1:  43.21%  |  First run - baseline established[0m

================================================================
=== [STL_ARIZONA_hgi_cat_gru_5f50ep] start Mon Apr 27 17:24:41 -03 2026
================================================================
[STL_ARIZONA_hgi_cat_gru_5f50ep] exit 0 at Mon Apr 27 17:30:33 -03 2026
[36m[1m2026-04-27 17:30:32 - INFO  -   next         F1:  28.69%  |  First run - baseline established[0m

================================================================
=== Phase 1 cat STL grid complete at Mon Apr 27 17:30:33 -03 2026
================================================================
