2026-04-27 17:34:02,792 - INFO - Loading data for arizona (input_type=region, region_emb=hgi)...
2026-04-27 17:34:02,792 - INFO - Loading next-POI data: arizona/check2hgi
2026-04-27 17:34:02,962 - INFO - Next-POI data: (26396, 576) (dim=64, window=9), distribution: {np.int64(0): np.int64(3295), np.int64(1): np.int64(1621), np.int64(2): np.int64(8977), np.int64(3): np.int64(1253), np.int64(4): np.int64(1437), np.int64(5): np.int64(6944), np.int64(6): np.int64(2869)}
2026-04-27 17:34:03,138 - INFO - x=torch.Size([26396, 9, 64]), emb_dim=64, n_regions=1540, n_seqs=26396, last_region_idx=present
2026-04-27 17:34:03,460 - INFO - No checkpoint — starting fresh. Will save to docs/studies/check2hgi/results/P1/region_head_arizona_region_5f_50ep_STL_ARIZONA_hgi_reg_gethard_5f50ep.checkpoint.json after each fold.
2026-04-27 17:34:03,460 - INFO - ============================================================
2026-04-27 17:34:03,460 - INFO - HEAD: next_getnext_hard (5 folds x 50 epochs, max_lr=3e-03, ls=0.00, input_ln=False)
2026-04-27 17:34:03,460 - INFO - ============================================================
2026-04-27 17:35:17,050 - INFO -   fold 0: Acc@1=0.2816 Acc@5=0.5411 Acc@10=0.6498 MRR=0.4016 F1=0.1109 (73.6s, best_ep=25)
2026-04-27 17:36:29,577 - INFO -   fold 1: Acc@1=0.2836 Acc@5=0.5421 Acc@10=0.6615 MRR=0.4061 F1=0.1256 (72.5s, best_ep=23)
2026-04-27 17:37:42,429 - INFO -   fold 2: Acc@1=0.2942 Acc@5=0.5516 Acc@10=0.6626 MRR=0.4144 F1=0.1101 (72.9s, best_ep=24)
2026-04-27 17:38:55,636 - INFO -   fold 3: Acc@1=0.2404 Acc@5=0.4777 Acc@10=0.5969 MRR=0.3557 F1=0.1120 (73.2s, best_ep=27)
2026-04-27 17:40:08,825 - INFO -   fold 4: Acc@1=0.3002 Acc@5=0.5414 Acc@10=0.6492 MRR=0.4149 F1=0.1178 (73.2s, best_ep=24)
2026-04-27 17:40:08,826 - INFO -   AGGREGATE: Acc@1=0.2800+/-0.0210  Acc@10=0.6440+/-0.0242  MRR=0.3986+/-0.0220  F1=0.1153+/-0.0058
2026-04-27 17:40:08,827 - INFO - Saved: docs/studies/check2hgi/results/P1/region_head_arizona_region_5f_50ep_STL_ARIZONA_hgi_reg_gethard_5f50ep.json
2026-04-27 17:40:08,827 - INFO - Removed checkpoint docs/studies/check2hgi/results/P1/region_head_arizona_region_5f_50ep_STL_ARIZONA_hgi_reg_gethard_5f50ep.checkpoint.json (run complete).

================================================================================
P1 REGION-HEAD ABLATION - arizona - 5f x 50ep - input=region
================================================================================
Head                         Acc@1    Acc@5   Acc@10      MRR       F1
--------------------------------------------------------------------------------
next_getnext_hard           28.00%   53.08%   64.40%   39.86%   11.53%
--------------------------------------------------------------------------------
Markov 1-step (floor)         ~12%        —        ?        —        —
================================================================================
