2026-04-27 17:31:13,291 - INFO - Loading data for alabama (input_type=region, region_emb=hgi)...
2026-04-27 17:31:13,291 - INFO - Loading next-POI data: alabama/check2hgi
2026-04-27 17:31:13,418 - INFO - Next-POI data: (12709, 576) (dim=64, window=9), distribution: {np.int64(0): np.int64(2193), np.int64(1): np.int64(820), np.int64(2): np.int64(4345), np.int64(3): np.int64(453), np.int64(4): np.int64(729), np.int64(5): np.int64(3288), np.int64(6): np.int64(881)}
2026-04-27 17:31:13,515 - INFO - x=torch.Size([12709, 9, 64]), emb_dim=64, n_regions=1109, n_seqs=12709, last_region_idx=present
2026-04-27 17:31:13,676 - INFO - No checkpoint — starting fresh. Will save to docs/studies/check2hgi/results/P1/region_head_alabama_region_5f_50ep_STL_ALABAMA_hgi_reg_gethard_5f50ep.checkpoint.json after each fold.
2026-04-27 17:31:13,676 - INFO - ============================================================
2026-04-27 17:31:13,676 - INFO - HEAD: next_getnext_hard (5 folds x 50 epochs, max_lr=3e-03, ls=0.00, input_ln=False)
2026-04-27 17:31:13,676 - INFO - ============================================================
2026-04-27 17:31:46,792 - INFO -   fold 0: Acc@1=0.3143 Acc@5=0.5928 Acc@10=0.7116 MRR=0.4423 F1=0.1289 (33.1s, best_ep=18)
2026-04-27 17:32:20,110 - INFO -   fold 1: Acc@1=0.2604 Acc@5=0.5409 Acc@10=0.6731 MRR=0.3924 F1=0.0903 (33.3s, best_ep=15)
2026-04-27 17:32:52,616 - INFO -   fold 2: Acc@1=0.2856 Acc@5=0.5685 Acc@10=0.7002 MRR=0.4183 F1=0.1328 (32.5s, best_ep=19)
2026-04-27 17:33:25,639 - INFO -   fold 3: Acc@1=0.2895 Acc@5=0.5476 Acc@10=0.6554 MRR=0.4108 F1=0.1208 (33.0s, best_ep=21)
2026-04-27 17:33:59,298 - INFO -   fold 4: Acc@1=0.2527 Acc@5=0.5041 Acc@10=0.6356 MRR=0.3739 F1=0.1097 (33.7s, best_ep=19)
2026-04-27 17:33:59,299 - INFO -   AGGREGATE: Acc@1=0.2805+/-0.0220  Acc@10=0.6752+/-0.0280  MRR=0.4075+/-0.0232  F1=0.1165+/-0.0153
2026-04-27 17:33:59,300 - INFO - Saved: docs/studies/check2hgi/results/P1/region_head_alabama_region_5f_50ep_STL_ALABAMA_hgi_reg_gethard_5f50ep.json
2026-04-27 17:33:59,300 - INFO - Removed checkpoint docs/studies/check2hgi/results/P1/region_head_alabama_region_5f_50ep_STL_ALABAMA_hgi_reg_gethard_5f50ep.checkpoint.json (run complete).

================================================================================
P1 REGION-HEAD ABLATION - alabama - 5f x 50ep - input=region
================================================================================
Head                         Acc@1    Acc@5   Acc@10      MRR       F1
--------------------------------------------------------------------------------
next_getnext_hard           28.05%   55.08%   67.52%   40.75%   11.65%
--------------------------------------------------------------------------------
Markov 1-step (floor)         ~12%        —   ~21.3%        —        —
================================================================================
