2026-05-29 23:29:37,120 - INFO - Loading data for alabama (input_type=checkin, region_emb=check2hgi, target=category, engine_override=EmbeddingEngine.CHECK2HGI_RESLN)...
2026-05-29 23:29:37,120 - INFO - Loading next-POI data: alabama/check2hgi_resln
2026-05-29 23:29:37,204 - INFO - Next-POI data: (12709, 576) (dim=64, window=9), distribution: {np.int64(0): np.int64(2193), np.int64(1): np.int64(837), np.int64(2): np.int64(4345), np.int64(3): np.int64(453), np.int64(4): np.int64(712), np.int64(5): np.int64(3288), np.int64(6): np.int64(881)}
2026-05-29 23:29:37,252 - INFO - x=torch.Size([12709, 9, 64]), emb_dim=64, target=category(7 classes), n_seqs=12709, last_region_idx=present
2026-05-29 23:29:37,379 - INFO - No checkpoint — starting fresh. Will save to docs/results/P1/region_head_alabama_checkin_5f_50ep_RESLN_STL_CAT_resln_alabama.checkpoint.json after each fold.
2026-05-29 23:29:37,379 - INFO - ============================================================
2026-05-29 23:29:37,379 - INFO - HEAD: next_gru (5 folds x 50 epochs, max_lr=3e-03, ls=0.00, input_ln=False)
2026-05-29 23:29:37,379 - INFO - ============================================================
2026-05-29 23:29:40,433 - INFO -   fold 0: Acc@1=0.3777 Acc@5=0.9060 Acc@10=1.0000 MRR=0.5962 F1=0.1578 (3.1s, best_ep=1)
2026-05-29 23:29:43,125 - INFO -   fold 1: Acc@1=0.3788 Acc@5=0.9068 Acc@10=1.0000 MRR=0.5988 F1=0.1368 (2.7s, best_ep=1)
2026-05-29 23:29:45,808 - INFO -   fold 2: Acc@1=0.3769 Acc@5=0.8989 Acc@10=1.0000 MRR=0.5986 F1=0.1556 (2.7s, best_ep=1)
2026-05-29 23:29:48,535 - INFO -   fold 3: Acc@1=0.3977 Acc@5=0.9076 Acc@10=1.0000 MRR=0.6105 F1=0.1749 (2.7s, best_ep=1)
2026-05-29 23:29:51,246 - INFO -   fold 4: Acc@1=0.3762 Acc@5=0.9079 Acc@10=1.0000 MRR=0.5971 F1=0.1732 (2.7s, best_ep=1)
2026-05-29 23:29:51,247 - INFO -   AGGREGATE: Acc@1=0.3815+/-0.0091  Acc@10=1.0000+/-0.0000  MRR=0.6002+/-0.0058  F1=0.1597+/-0.0155
2026-05-29 23:29:51,248 - INFO - Saved: docs/results/P1/region_head_alabama_checkin_5f_50ep_RESLN_STL_CAT_resln_alabama.json
2026-05-29 23:29:51,248 - INFO - Removed checkpoint docs/results/P1/region_head_alabama_checkin_5f_50ep_RESLN_STL_CAT_resln_alabama.checkpoint.json (run complete).

================================================================================
P1 REGION-HEAD ABLATION - alabama - 5f x 50ep - input=checkin
================================================================================
Head                         Acc@1    Acc@5   Acc@10      MRR       F1
--------------------------------------------------------------------------------
next_gru                    38.15%   90.54%  100.00%   60.02%   15.97%
--------------------------------------------------------------------------------
Markov 1-step (floor)         ~12%        —   ~21.3%        —        —
================================================================================
