2026-05-29 23:31:30,166 - INFO - Loading data for alabama (input_type=checkin, region_emb=check2hgi, target=category, engine_override=EmbeddingEngine.CHECK2HGI)...
2026-05-29 23:31:30,166 - INFO - Loading next-POI data: alabama/check2hgi
2026-05-29 23:31:30,236 - INFO - Next-POI data: (12709, 576) (dim=64, window=9), distribution: {np.int64(0): np.int64(2193), np.int64(1): np.int64(837), np.int64(2): np.int64(4345), np.int64(3): np.int64(453), np.int64(4): np.int64(712), np.int64(5): np.int64(3288), np.int64(6): np.int64(881)}
2026-05-29 23:31:30,276 - INFO - x=torch.Size([12709, 9, 64]), emb_dim=64, target=category(7 classes), n_seqs=12709, last_region_idx=present
2026-05-29 23:31:30,404 - INFO - No checkpoint — starting fresh. Will save to docs/results/P1/region_head_alabama_checkin_5f_50ep_RESLN_STL_CAT_canonical_alabama.checkpoint.json after each fold.
2026-05-29 23:31:30,404 - INFO - ============================================================
2026-05-29 23:31:30,404 - INFO - HEAD: next_gru (5 folds x 50 epochs, max_lr=3e-03, ls=0.00, input_ln=False)
2026-05-29 23:31:30,404 - INFO - ============================================================
2026-05-29 23:31:33,445 - INFO -   fold 0: Acc@1=0.3623 Acc@5=0.9064 Acc@10=1.0000 MRR=0.5882 F1=0.1472 (3.0s, best_ep=1)
2026-05-29 23:31:36,181 - INFO -   fold 1: Acc@1=0.3749 Acc@5=0.9056 Acc@10=1.0000 MRR=0.5958 F1=0.1371 (2.7s, best_ep=1)
2026-05-29 23:31:38,833 - INFO -   fold 2: Acc@1=0.3710 Acc@5=0.9048 Acc@10=1.0000 MRR=0.5947 F1=0.1521 (2.7s, best_ep=1)
2026-05-29 23:31:41,554 - INFO -   fold 3: Acc@1=0.3938 Acc@5=0.9095 Acc@10=1.0000 MRR=0.6081 F1=0.1631 (2.7s, best_ep=1)
2026-05-29 23:31:44,275 - INFO -   fold 4: Acc@1=0.3703 Acc@5=0.9040 Acc@10=1.0000 MRR=0.5923 F1=0.1574 (2.7s, best_ep=1)
2026-05-29 23:31:44,276 - INFO -   AGGREGATE: Acc@1=0.3745+/-0.0117  Acc@10=1.0000+/-0.0000  MRR=0.5958+/-0.0075  F1=0.1514+/-0.0100
2026-05-29 23:31:44,277 - INFO - Saved: docs/results/P1/region_head_alabama_checkin_5f_50ep_RESLN_STL_CAT_canonical_alabama.json
2026-05-29 23:31:44,277 - INFO - Removed checkpoint docs/results/P1/region_head_alabama_checkin_5f_50ep_RESLN_STL_CAT_canonical_alabama.checkpoint.json (run complete).

================================================================================
P1 REGION-HEAD ABLATION - alabama - 5f x 50ep - input=checkin
================================================================================
Head                         Acc@1    Acc@5   Acc@10      MRR       F1
--------------------------------------------------------------------------------
next_gru                    37.45%   90.61%  100.00%   59.58%   15.14%
--------------------------------------------------------------------------------
Markov 1-step (floor)         ~12%        —   ~21.3%        —        —
================================================================================
