##### C1 RE-SCORE START Fri May 29 00:02:36 UTC 2026 #####
===== [alabama] TRAIN Fri May 29 00:02:36 UTC 2026 =====
[gate] gpu_free=45489MiB disk_free=14GB
[alabama] train rc=0
[alabama] snapshots:
total 301628
drwxr-xr-x 2 vitor.oliveira users     4096 May 29 00:04 .
drwxr-xr-x 6 vitor.oliveira users     4096 May 29 00:02 ..
-rw-r--r-- 1 vitor.oliveira users 20588639 May 29 00:02 fold1_cat_best.pt
-rw-r--r-- 1 vitor.oliveira users 20588903 May 29 00:02 fold1_joint_best.pt
-rw-r--r-- 1 vitor.oliveira users 20588639 May 29 00:02 fold1_reg_best.pt
-rw-r--r-- 1 vitor.oliveira users 20588639 May 29 00:03 fold2_cat_best.pt
-rw-r--r-- 1 vitor.oliveira users 20588903 May 29 00:03 fold2_joint_best.pt
-rw-r--r-- 1 vitor.oliveira users 20588639 May 29 00:03 fold2_reg_best.pt
-rw-r--r-- 1 vitor.oliveira users 20588639 May 29 00:03 fold3_cat_best.pt
-rw-r--r-- 1 vitor.oliveira users 20588903 May 29 00:03 fold3_joint_best.pt
-rw-r--r-- 1 vitor.oliveira users 20588639 May 29 00:03 fold3_reg_best.pt
-rw-r--r-- 1 vitor.oliveira users 20588639 May 29 00:03 fold4_cat_best.pt
-rw-r--r-- 1 vitor.oliveira users 20588903 May 29 00:03 fold4_joint_best.pt
-rw-r--r-- 1 vitor.oliveira users 20588639 May 29 00:03 fold4_reg_best.pt
-rw-r--r-- 1 vitor.oliveira users 20588639 May 29 00:04 fold5_cat_best.pt
-rw-r--r-- 1 vitor.oliveira users 20588903 May 29 00:04 fold5_joint_best.pt
-rw-r--r-- 1 vitor.oliveira users 20588639 May 29 00:04 fold5_reg_best.pt
===== [alabama] SCORE Fri May 29 00:04:17 UTC 2026 =====
[alabama] scored fold 1 rc=0
[alabama] scored fold 2 rc=0
[alabama] scored fold 3 rc=0
[alabama] scored fold 4 rc=0
[alabama] scored fold 5 rc=0
===== [alabama] DELETE snapshots Fri May 29 00:04:35 UTC 2026 =====
[alabama] disk_free=14GB after delete
alabama done rc=0 disk=14GB
===== [arizona] TRAIN Fri May 29 00:04:35 UTC 2026 =====
[gate] gpu_free=45489MiB disk_free=14GB
[arizona] train rc=0
[arizona] snapshots:
total 371768
drwxr-xr-x 2 vitor.oliveira users     4096 May 29 00:07 .
drwxr-xr-x 7 vitor.oliveira users     4096 May 29 00:05 ..
-rw-r--r-- 1 vitor.oliveira users 25377951 May 29 00:05 fold1_cat_best.pt
-rw-r--r-- 1 vitor.oliveira users 25378215 May 29 00:05 fold1_joint_best.pt
-rw-r--r-- 1 vitor.oliveira users 25377951 May 29 00:05 fold1_reg_best.pt
-rw-r--r-- 1 vitor.oliveira users 25377951 May 29 00:05 fold2_cat_best.pt
-rw-r--r-- 1 vitor.oliveira users 25378215 May 29 00:05 fold2_joint_best.pt
-rw-r--r-- 1 vitor.oliveira users 25377951 May 29 00:05 fold2_reg_best.pt
-rw-r--r-- 1 vitor.oliveira users 25377951 May 29 00:06 fold3_cat_best.pt
-rw-r--r-- 1 vitor.oliveira users 25378215 May 29 00:06 fold3_joint_best.pt
-rw-r--r-- 1 vitor.oliveira users 25377951 May 29 00:06 fold3_reg_best.pt
-rw-r--r-- 1 vitor.oliveira users 25377951 May 29 00:06 fold4_cat_best.pt
-rw-r--r-- 1 vitor.oliveira users 25378215 May 29 00:06 fold4_joint_best.pt
-rw-r--r-- 1 vitor.oliveira users 25377951 May 29 00:06 fold4_reg_best.pt
-rw-r--r-- 1 vitor.oliveira users 25377951 May 29 00:07 fold5_cat_best.pt
-rw-r--r-- 1 vitor.oliveira users 25378215 May 29 00:07 fold5_joint_best.pt
-rw-r--r-- 1 vitor.oliveira users 25377951 May 29 00:07 fold5_reg_best.pt
===== [arizona] SCORE Fri May 29 00:07:37 UTC 2026 =====
[arizona] scored fold 1 rc=0
[arizona] scored fold 2 rc=0
[arizona] scored fold 3 rc=0
[arizona] scored fold 4 rc=0
[arizona] scored fold 5 rc=0
===== [arizona] DELETE snapshots Fri May 29 00:07:57 UTC 2026 =====
[arizona] disk_free=14GB after delete
arizona done rc=0 disk=14GB
##### running analyzer #####
analyzer rc=0
##### C1 RE-SCORE END Fri May 29 00:07:57 UTC 2026 AL_RC=0 AZ_RC=0 #####
