2026-05-29 23:37:12,806 - INFO - Loading data for florida (input_type=region, region_emb=check2hgi_resln, target=region, engine_override=None)...
2026-05-29 23:37:12,806 - INFO - Loading next-POI data: florida/check2hgi
2026-05-29 23:37:13,437 - INFO - Next-POI data: (159175, 576) (dim=64, window=9), distribution: {np.int64(0): np.int64(15723), np.int64(1): np.int64(13858), np.int64(2): np.int64(39296), np.int64(3): np.int64(7048), np.int64(4): np.int64(11081), np.int64(5): np.int64(33509), np.int64(6): np.int64(38660)}
2026-05-29 23:37:14,428 - INFO - x=torch.Size([159175, 9, 64]), emb_dim=64, n_regions=4702, n_seqs=159175, last_region_idx=present
2026-05-29 23:37:15,488 - INFO - No checkpoint — starting fresh. Will save to docs/results/P1/region_head_florida_region_5f_50ep_RESLN_STL_REG_resln_florida.checkpoint.json after each fold.
2026-05-29 23:37:15,488 - INFO - ============================================================
2026-05-29 23:37:15,488 - INFO - HEAD: next_getnext_hard (5 folds x 50 epochs, max_lr=3e-03, ls=0.00, input_ln=False)
2026-05-29 23:37:15,488 - INFO - ============================================================
2026-05-29 23:37:15,488 - INFO - [C4 STL] fold 0 using per-fold log_T output/check2hgi_resln/florida/region_transition_log_seed42_fold1.pt
/home/vitor.oliveira/PoiMtlNet/src/tracking/metrics.py:64: UserWarning: _bincount_cuda does not have a deterministic implementation, but you set 'torch.use_deterministic_algorithms(True, warn_only=True)'. You can file an issue at https://github.com/pytorch/pytorch/issues to help us prioritize adding deterministic support for this operation. (Triggered internally at /pytorch/aten/src/ATen/Context.cpp:160.)
  tp = torch.bincount(targets, weights=correct, minlength=num_classes)
2026-05-29 23:38:54,332 - INFO -   fold 0: Acc@1=0.4626 Acc@5=0.6377 Acc@10=0.6994 MRR=0.5445 F1=0.0923 (98.8s, best_ep=9)
2026-05-29 23:38:54,332 - INFO - [C4 STL] fold 1 using per-fold log_T output/check2hgi_resln/florida/region_transition_log_seed42_fold2.pt
2026-05-29 23:40:33,692 - INFO -   fold 1: Acc@1=0.4499 Acc@5=0.6220 Acc@10=0.6865 MRR=0.5313 F1=0.0707 (99.4s, best_ep=8)
2026-05-29 23:40:33,693 - INFO - [C4 STL] fold 2 using per-fold log_T output/check2hgi_resln/florida/region_transition_log_seed42_fold3.pt
2026-05-29 23:42:13,304 - INFO -   fold 2: Acc@1=0.4640 Acc@5=0.6365 Acc@10=0.6957 MRR=0.5459 F1=0.0815 (99.6s, best_ep=8)
2026-05-29 23:42:13,305 - INFO - [C4 STL] fold 3 using per-fold log_T output/check2hgi_resln/florida/region_transition_log_seed42_fold4.pt
2026-05-29 23:43:52,901 - INFO -   fold 3: Acc@1=0.4531 Acc@5=0.6396 Acc@10=0.7001 MRR=0.5397 F1=0.0851 (99.6s, best_ep=8)
2026-05-29 23:43:52,901 - INFO - [C4 STL] fold 4 using per-fold log_T output/check2hgi_resln/florida/region_transition_log_seed42_fold5.pt
2026-05-29 23:45:32,259 - INFO -   fold 4: Acc@1=0.4586 Acc@5=0.6404 Acc@10=0.7021 MRR=0.5428 F1=0.0910 (99.4s, best_ep=9)
2026-05-29 23:45:32,260 - INFO -   AGGREGATE: Acc@1=0.4576+/-0.0061  Acc@10=0.6968+/-0.0062  MRR=0.5409+/-0.0058  F1=0.0841+/-0.0087
2026-05-29 23:45:32,260 - INFO - Saved: docs/results/P1/region_head_florida_region_5f_50ep_RESLN_STL_REG_resln_florida.json
2026-05-29 23:45:32,260 - INFO - Removed checkpoint docs/results/P1/region_head_florida_region_5f_50ep_RESLN_STL_REG_resln_florida.checkpoint.json (run complete).

================================================================================
P1 REGION-HEAD ABLATION - florida - 5f x 50ep - input=region
================================================================================
Head                         Acc@1    Acc@5   Acc@10      MRR       F1
--------------------------------------------------------------------------------
next_getnext_hard           45.76%   63.52%   69.68%   54.09%    8.41%
--------------------------------------------------------------------------------
Markov 1-step (floor)         ~12%        —   ~45.9%        —        —
================================================================================
