[study] ========== STAGE 0: Baseline Comparison ==========
[ablation] running s0_fusion_base_equal (1 fold(s), 10 epochs)
[ablation] finished s0_fusion_base_equal: status=ok joint=0.296939954161644 next=0.20227906107902527 category=0.3916008472442627
[ablation] running s0_fusion_cgc22_equal (1 fold(s), 10 epochs)
[ablation] finished s0_fusion_cgc22_equal: status=ok joint=0.3675909489393234 next=0.2461043894290924 category=0.48907750844955444
[ablation] running s0_fusion_dselectk_db (1 fold(s), 10 epochs)
[ablation] finished s0_fusion_dselectk_db: status=ok joint=0.3540801554918289 next=0.2145405113697052 category=0.49361979961395264
[study] wrote summary: /Volumes/Vitor's SSD/ingred/results/ablations/full_fusion_study/s0_fusion_1f_10ep/summary.csv

[study] === S0_FUSION_1F_10EP RANKING ===
   1. s0_fusion_cgc22_equal           joint=0.3676  next=0.2461  cat=0.4891  time=45s
   2. s0_fusion_dselectk_db           joint=0.3541  next=0.2145  cat=0.4936  time=69s
   3. s0_fusion_base_equal            joint=0.2969  next=0.2023  cat=0.3916  time=36s

[study] --- HGI Reference ---
[ablation] running s0_hgi_cgc22_equal (1 fold(s), 10 epochs)
[ablation] finished s0_hgi_cgc22_equal: status=ok joint=0.38605206459760666 next=0.19544534385204315 category=0.5766587853431702
[study] wrote summary: /Volumes/Vitor's SSD/ingred/results/ablations/full_fusion_study/s0_hgi_ref_1f_10ep/summary.csv

[study] === S0_HGI_REF_1F_10EP RANKING ===
   1. s0_hgi_cgc22_equal              joint=0.3861  next=0.1954  cat=0.5767  time=43s

[study] === FUSION vs HGI COMPARISON ===
  FUSION s0_fusion_base_equal            joint=0.2969  next=0.2023  cat=0.3916
  FUSION s0_fusion_cgc22_equal           joint=0.3676  next=0.2461  cat=0.4891
  FUSION s0_fusion_dselectk_db           joint=0.3541  next=0.2145  cat=0.4936
  HGI   s0_hgi_cgc22_equal              joint=0.3861  next=0.1954  cat=0.5767
