2026-05-29 23:48:04,514 - INFO - Loading data for florida (input_type=region, region_emb=check2hgi_resln_design_b, target=region, engine_override=None)...
2026-05-29 23:48:04,514 - INFO - Loading next-POI data: florida/check2hgi
2026-05-29 23:48:05,162 - INFO - Next-POI data: (159175, 576) (dim=64, window=9), distribution: {np.int64(0): np.int64(15723), np.int64(1): np.int64(13858), np.int64(2): np.int64(39296), np.int64(3): np.int64(7048), np.int64(4): np.int64(11081), np.int64(5): np.int64(33509), np.int64(6): np.int64(38660)}
2026-05-29 23:48:06,191 - INFO - x=torch.Size([159175, 9, 64]), emb_dim=64, n_regions=4702, n_seqs=159175, last_region_idx=present
2026-05-29 23:48:07,251 - INFO - No checkpoint — starting fresh. Will save to docs/results/P1/region_head_florida_region_5f_50ep_RESLN_STL_REG_resln_design_b_florida.checkpoint.json after each fold.
2026-05-29 23:48:07,251 - INFO - ============================================================
2026-05-29 23:48:07,251 - INFO - HEAD: next_getnext_hard (5 folds x 50 epochs, max_lr=3e-03, ls=0.00, input_ln=False)
2026-05-29 23:48:07,251 - INFO - ============================================================
2026-05-29 23:48:07,251 - INFO - [C4 STL] fold 0 using per-fold log_T output/check2hgi_resln_design_b/florida/region_transition_log_seed42_fold1.pt
/home/vitor.oliveira/PoiMtlNet/src/tracking/metrics.py:64: UserWarning: _bincount_cuda does not have a deterministic implementation, but you set 'torch.use_deterministic_algorithms(True, warn_only=True)'. You can file an issue at https://github.com/pytorch/pytorch/issues to help us prioritize adding deterministic support for this operation. (Triggered internally at /pytorch/aten/src/ATen/Context.cpp:160.)
  tp = torch.bincount(targets, weights=correct, minlength=num_classes)
2026-05-29 23:49:46,574 - INFO -   fold 0: Acc@1=0.4665 Acc@5=0.6482 Acc@10=0.7095 MRR=0.5511 F1=0.1021 (99.3s, best_ep=9)
2026-05-29 23:49:46,574 - INFO - [C4 STL] fold 1 using per-fold log_T output/check2hgi_resln_design_b/florida/region_transition_log_seed42_fold2.pt
2026-05-29 23:51:26,032 - INFO -   fold 1: Acc@1=0.4567 Acc@5=0.6303 Acc@10=0.6940 MRR=0.5390 F1=0.0800 (99.5s, best_ep=8)
2026-05-29 23:51:26,033 - INFO - [C4 STL] fold 2 using per-fold log_T output/check2hgi_resln_design_b/florida/region_transition_log_seed42_fold3.pt
2026-05-29 23:53:05,610 - INFO -   fold 2: Acc@1=0.4753 Acc@5=0.6428 Acc@10=0.7016 MRR=0.5544 F1=0.0936 (99.6s, best_ep=10)
2026-05-29 23:53:05,611 - INFO - [C4 STL] fold 3 using per-fold log_T output/check2hgi_resln_design_b/florida/region_transition_log_seed42_fold4.pt
2026-05-29 23:54:45,138 - INFO -   fold 3: Acc@1=0.4578 Acc@5=0.6408 Acc@10=0.7010 MRR=0.5431 F1=0.0919 (99.5s, best_ep=8)
2026-05-29 23:54:45,138 - INFO - [C4 STL] fold 4 using per-fold log_T output/check2hgi_resln_design_b/florida/region_transition_log_seed42_fold5.pt
2026-05-29 23:56:24,707 - INFO -   fold 4: Acc@1=0.4566 Acc@5=0.6415 Acc@10=0.7046 MRR=0.5426 F1=0.0910 (99.6s, best_ep=8)
2026-05-29 23:56:24,708 - INFO -   AGGREGATE: Acc@1=0.4626+/-0.0082  Acc@10=0.7021+/-0.0057  MRR=0.5460+/-0.0065  F1=0.0917+/-0.0079
2026-05-29 23:56:24,708 - INFO - Saved: docs/results/P1/region_head_florida_region_5f_50ep_RESLN_STL_REG_resln_design_b_florida.json
2026-05-29 23:56:24,708 - INFO - Removed checkpoint docs/results/P1/region_head_florida_region_5f_50ep_RESLN_STL_REG_resln_design_b_florida.checkpoint.json (run complete).

================================================================================
P1 REGION-HEAD ABLATION - florida - 5f x 50ep - input=region
================================================================================
Head                         Acc@1    Acc@5   Acc@10      MRR       F1
--------------------------------------------------------------------------------
next_getnext_hard           46.26%   64.07%   70.21%   54.60%    9.17%
--------------------------------------------------------------------------------
Markov 1-step (floor)         ~12%        —   ~45.9%        —        —
================================================================================
