2026-05-29 23:35:24,047 - INFO - Loading data for arizona (input_type=region, region_emb=check2hgi, target=region, engine_override=None)...
2026-05-29 23:35:24,047 - INFO - Loading next-POI data: arizona/check2hgi
2026-05-29 23:35:24,186 - INFO - Next-POI data: (26396, 576) (dim=64, window=9), distribution: {np.int64(0): np.int64(3295), np.int64(1): np.int64(1647), np.int64(2): np.int64(8977), np.int64(3): np.int64(1253), np.int64(4): np.int64(1411), np.int64(5): np.int64(6944), np.int64(6): np.int64(2869)}
2026-05-29 23:35:24,369 - INFO - x=torch.Size([26396, 9, 64]), emb_dim=64, n_regions=1540, n_seqs=26396, last_region_idx=present
2026-05-29 23:35:24,618 - INFO - No checkpoint — starting fresh. Will save to docs/results/P1/region_head_arizona_region_5f_50ep_RESLN_STL_REG_canonical_arizona.checkpoint.json after each fold.
2026-05-29 23:35:24,618 - INFO - ============================================================
2026-05-29 23:35:24,618 - INFO - HEAD: next_getnext_hard (5 folds x 50 epochs, max_lr=3e-03, ls=0.00, input_ln=False)
2026-05-29 23:35:24,618 - INFO - ============================================================
2026-05-29 23:35:24,618 - INFO - [C4 STL] fold 0 using per-fold log_T output/check2hgi/arizona/region_transition_log_seed42_fold1.pt
/home/vitor.oliveira/PoiMtlNet/src/tracking/metrics.py:64: UserWarning: _bincount_cuda does not have a deterministic implementation, but you set 'torch.use_deterministic_algorithms(True, warn_only=True)'. You can file an issue at https://github.com/pytorch/pytorch/issues to help us prioritize adding deterministic support for this operation. (Triggered internally at /pytorch/aten/src/ATen/Context.cpp:160.)
  tp = torch.bincount(targets, weights=correct, minlength=num_classes)
2026-05-29 23:35:40,396 - INFO -   fold 0: Acc@1=0.2489 Acc@5=0.4423 Acc@10=0.5247 MRR=0.3417 F1=0.0682 (15.8s, best_ep=21)
2026-05-29 23:35:40,397 - INFO - [C4 STL] fold 1 using per-fold log_T output/check2hgi/arizona/region_transition_log_seed42_fold2.pt
2026-05-29 23:35:55,870 - INFO -   fold 1: Acc@1=0.2580 Acc@5=0.4387 Acc@10=0.5221 MRR=0.3481 F1=0.0719 (15.5s, best_ep=16)
2026-05-29 23:35:55,870 - INFO - [C4 STL] fold 2 using per-fold log_T output/check2hgi/arizona/region_transition_log_seed42_fold3.pt
2026-05-29 23:36:11,343 - INFO -   fold 2: Acc@1=0.2637 Acc@5=0.4442 Acc@10=0.5306 MRR=0.3545 F1=0.0651 (15.5s, best_ep=17)
2026-05-29 23:36:11,343 - INFO - [C4 STL] fold 3 using per-fold log_T output/check2hgi/arizona/region_transition_log_seed42_fold4.pt
2026-05-29 23:36:26,796 - INFO -   fold 3: Acc@1=0.2009 Acc@5=0.3729 Acc@10=0.4602 MRR=0.2888 F1=0.0561 (15.5s, best_ep=18)
2026-05-29 23:36:26,796 - INFO - [C4 STL] fold 4 using per-fold log_T output/check2hgi/arizona/region_transition_log_seed42_fold5.pt
2026-05-29 23:36:42,305 - INFO -   fold 4: Acc@1=0.2595 Acc@5=0.4442 Acc@10=0.5291 MRR=0.3505 F1=0.0622 (15.5s, best_ep=17)
2026-05-29 23:36:42,306 - INFO -   AGGREGATE: Acc@1=0.2462+/-0.0259  Acc@10=0.5133+/-0.0299  MRR=0.3367+/-0.0272  F1=0.0647+/-0.0060
2026-05-29 23:36:42,307 - INFO - Saved: docs/results/P1/region_head_arizona_region_5f_50ep_RESLN_STL_REG_canonical_arizona.json
2026-05-29 23:36:42,307 - INFO - Removed checkpoint docs/results/P1/region_head_arizona_region_5f_50ep_RESLN_STL_REG_canonical_arizona.checkpoint.json (run complete).

================================================================================
P1 REGION-HEAD ABLATION - arizona - 5f x 50ep - input=region
================================================================================
Head                         Acc@1    Acc@5   Acc@10      MRR       F1
--------------------------------------------------------------------------------
next_getnext_hard           24.62%   42.85%   51.33%   33.67%    6.47%
--------------------------------------------------------------------------------
Markov 1-step (floor)         ~12%        —        ?        —        —
================================================================================
