[study] ========== STAGE 1: Architecture x Optimizer Screen ==========
[ablation] running s1_base_eq (1 fold(s), 10 epochs)
[ablation] finished s1_base_eq: status=ok joint=0.29679106175899506 next=0.20225319266319275 category=0.39132893085479736
[ablation] running s1_base_db (1 fold(s), 10 epochs)
[ablation] finished s1_base_db: status=ok joint=0.3153505474328995 next=0.20420539379119873 category=0.4264957010746002
[ablation] running s1_base_ca (1 fold(s), 10 epochs)
[ablation] finished s1_base_ca: status=ok joint=0.46459080278873444 next=0.25967660546302795 category=0.6695050001144409
[ablation] running s1_base_al (1 fold(s), 10 epochs)
[ablation] finished s1_base_al: status=ok joint=0.460844948887825 next=0.25806596875190735 category=0.6636239290237427
[ablation] running s1_base_uw (1 fold(s), 10 epochs)
[ablation] finished s1_base_uw: status=ok joint=0.29466545581817627 next=0.2015513777732849 category=0.3877795338630676
[ablation] running s1_cgc22_eq (1 fold(s), 10 epochs)
[ablation] finished s1_cgc22_eq: status=ok joint=0.3675909489393234 next=0.2461043894290924 category=0.48907750844955444
[ablation] running s1_cgc22_db (1 fold(s), 10 epochs)
[ablation] finished s1_cgc22_db: status=ok joint=0.3810674548149109 next=0.2588265538215637 category=0.5033083558082581
[ablation] running s1_cgc22_ca (1 fold(s), 10 epochs)
[ablation] finished s1_cgc22_ca: status=ok joint=0.4900762736797333 next=0.2682892084121704 category=0.7118633389472961
[ablation] running s1_cgc22_al (1 fold(s), 10 epochs)
[ablation] finished s1_cgc22_al: status=ok joint=0.4945128560066223 next=0.2690378427505493 category=0.7199878692626953
[ablation] running s1_cgc22_uw (1 fold(s), 10 epochs)
[ablation] finished s1_cgc22_uw: status=ok joint=0.36851920187473297 next=0.24282070994377136 category=0.4942176938056946
[ablation] running s1_cgc21_eq (1 fold(s), 10 epochs)
[ablation] finished s1_cgc21_eq: status=ok joint=0.4093882441520691 next=0.23614728450775146 category=0.5826292037963867
[ablation] running s1_cgc21_db (1 fold(s), 10 epochs)
[ablation] finished s1_cgc21_db: status=ok joint=0.4026968479156494 next=0.26108038425445557 category=0.5443133115768433
[ablation] running s1_cgc21_ca (1 fold(s), 10 epochs)
[ablation] finished s1_cgc21_ca: status=ok joint=0.505983978509903 next=0.27966827154159546 category=0.7322996854782104
[ablation] running s1_cgc21_al (1 fold(s), 10 epochs)
[ablation] finished s1_cgc21_al: status=ok joint=0.5040068924427032 next=0.28039616346359253 category=0.727617621421814
[ablation] running s1_cgc21_uw (1 fold(s), 10 epochs)
[ablation] finished s1_cgc21_uw: status=ok joint=0.4102933034300804 next=0.2416418045759201 category=0.5789448022842407
[ablation] running s1_mmoe4_eq (1 fold(s), 10 epochs)
[ablation] finished s1_mmoe4_eq: status=ok joint=0.3459540903568268 next=0.24601086974143982 category=0.44589731097221375
[ablation] running s1_mmoe4_db (1 fold(s), 10 epochs)
[ablation] finished s1_mmoe4_db: status=ok joint=0.34795014560222626 next=0.21184620261192322 category=0.4840540885925293
[ablation] running s1_mmoe4_ca (1 fold(s), 10 epochs)
[ablation] finished s1_mmoe4_ca: status=ok joint=0.49478262662887573 next=0.262811541557312 category=0.7267537117004395
[ablation] running s1_mmoe4_al (1 fold(s), 10 epochs)
[ablation] finished s1_mmoe4_al: status=ok joint=0.49618062376976013 next=0.2637171149253845 category=0.7286441326141357
[ablation] running s1_mmoe4_uw (1 fold(s), 10 epochs)
[ablation] finished s1_mmoe4_uw: status=ok joint=0.35001925379037857 next=0.2466105967760086 category=0.45342791080474854
[ablation] running s1_dsk42_eq (1 fold(s), 10 epochs)
[ablation] finished s1_dsk42_eq: status=ok joint=0.3682035654783249 next=0.21769747138023376 category=0.518709659576416
[ablation] running s1_dsk42_db (1 fold(s), 10 epochs)
[ablation] finished s1_dsk42_db: status=ok joint=0.3540801554918289 next=0.2145405113697052 category=0.49361979961395264
[ablation] running s1_dsk42_ca (1 fold(s), 10 epochs)
[ablation] finished s1_dsk42_ca: status=ok joint=0.49820616841316223 next=0.27427953481674194 category=0.7221328020095825
[ablation] running s1_dsk42_al (1 fold(s), 10 epochs)
[ablation] finished s1_dsk42_al: status=ok joint=0.4981936365365982 next=0.27195337414741516 category=0.7244338989257812
[ablation] running s1_dsk42_uw (1 fold(s), 10 epochs)
[ablation] finished s1_dsk42_uw: status=ok joint=0.37289194017648697 next=0.2232901006937027 category=0.5224937796592712
[study] wrote summary: /Volumes/Vitor's SSD/ingred/results/ablations/full_fusion_study/s1_screen_1f_10ep/summary.csv

[study] === S1_SCREEN_1F_10EP RANKING ===
   1. s1_cgc21_ca                     joint=0.5060  next=0.2797  cat=0.7323  time=56s
   2. s1_cgc21_al                     joint=0.5040  next=0.2804  cat=0.7276  time=56s
   3. s1_dsk42_ca                     joint=0.4982  next=0.2743  cat=0.7221  time=66s
   4. s1_dsk42_al                     joint=0.4982  next=0.2720  cat=0.7244  time=66s
   5. s1_mmoe4_al                     joint=0.4962  next=0.2637  cat=0.7286  time=66s
   6. s1_mmoe4_ca                     joint=0.4948  next=0.2628  cat=0.7268  time=66s
   7. s1_cgc22_al                     joint=0.4945  next=0.2690  cat=0.7200  time=59s
   8. s1_cgc22_ca                     joint=0.4901  next=0.2683  cat=0.7119  time=60s
   9. s1_base_ca                      joint=0.4646  next=0.2597  cat=0.6695  time=47s
  10. s1_base_al                      joint=0.4608  next=0.2581  cat=0.6636  time=47s
  11. s1_cgc21_uw                     joint=0.4103  next=0.2416  cat=0.5789  time=39s
  12. s1_cgc21_eq                     joint=0.4094  next=0.2361  cat=0.5826  time=39s
  13. s1_cgc21_db                     joint=0.4027  next=0.2611  cat=0.5443  time=56s
  14. s1_cgc22_db                     joint=0.3811  next=0.2588  cat=0.5033  time=61s
  15. s1_dsk42_uw                     joint=0.3729  next=0.2233  cat=0.5225  time=44s
  16. s1_cgc22_uw                     joint=0.3685  next=0.2428  cat=0.4942  time=42s
  17. s1_dsk42_eq                     joint=0.3682  next=0.2177  cat=0.5187  time=44s
  18. s1_cgc22_eq                     joint=0.3676  next=0.2461  cat=0.4891  time=42s
  19. s1_dsk42_db                     joint=0.3541  next=0.2145  cat=0.4936  time=66s
  20. s1_mmoe4_uw                     joint=0.3500  next=0.2466  cat=0.4534  time=44s
  21. s1_mmoe4_db                     joint=0.3480  next=0.2118  cat=0.4841  time=67s
  22. s1_mmoe4_eq                     joint=0.3460  next=0.2460  cat=0.4459  time=44s
  23. s1_base_db                      joint=0.3154  next=0.2042  cat=0.4265  time=47s
  24. s1_base_eq                      joint=0.2968  next=0.2023  cat=0.3913  time=32s
  25. s1_base_uw                      joint=0.2947  next=0.2016  cat=0.3878  time=32s

[study] Promoting top 5: s1_cgc21_ca, s1_cgc21_al, s1_dsk42_ca, s1_dsk42_al, s1_mmoe4_al
[ablation] running s1_cgc21_ca (2 fold(s), 15 epochs)
[ablation] finished s1_cgc21_ca: status=ok joint=0.5164238959550858 next=0.2681577801704407 category=0.7646900117397308
[ablation] running s1_cgc21_al (2 fold(s), 15 epochs)
[ablation] finished s1_cgc21_al: status=ok joint=0.5154753476381302 next=0.266715943813324 category=0.7642347514629364
[ablation] running s1_dsk42_ca (2 fold(s), 15 epochs)
[ablation] finished s1_dsk42_ca: status=ok joint=0.518285870552063 next=0.26707711815834045 category=0.7694946229457855
[ablation] running s1_dsk42_al (2 fold(s), 15 epochs)
[ablation] finished s1_dsk42_al: status=ok joint=0.5187553465366364 next=0.27140378952026367 category=0.766106903553009
[ablation] running s1_mmoe4_al (2 fold(s), 15 epochs)
[ablation] finished s1_mmoe4_al: status=ok joint=0.5160400569438934 next=0.2713754177093506 category=0.7607046961784363
[study] wrote summary: /Volumes/Vitor's SSD/ingred/results/ablations/full_fusion_study/s1_promoted_2f_15ep/summary.csv

[study] === S1_PROMOTED_2F_15EP RANKING ===
   1. s1_dsk42_al                     joint=0.5188  next=0.2714  cat=0.7661  time=175s
   2. s1_dsk42_ca                     joint=0.5183  next=0.2671  cat=0.7695  time=176s
   3. s1_cgc21_ca                     joint=0.5164  next=0.2682  cat=0.7647  time=150s
   4. s1_mmoe4_al                     joint=0.5160  next=0.2714  cat=0.7607  time=177s
   5. s1_cgc21_al                     joint=0.5155  next=0.2667  cat=0.7642  time=148s
