2026-04-28 15:56:40,644 - INFO - Loading data for florida (input_type=region, region_emb=check2hgi)...
2026-04-28 15:56:40,644 - INFO - Loading next-POI data: florida/check2hgi
2026-04-28 15:56:42,438 - INFO - Next-POI data: (159175, 576) (dim=64, window=9), distribution: {np.int64(0): np.int64(15723), np.int64(1): np.int64(13858), np.int64(2): np.int64(39296), np.int64(3): np.int64(7048), np.int64(4): np.int64(11081), np.int64(5): np.int64(33509), np.int64(6): np.int64(38660)}
2026-04-28 15:56:48,837 - INFO - x=torch.Size([159175, 9, 64]), emb_dim=64, n_regions=4702, n_seqs=159175, last_region_idx=present
2026-04-28 15:56:54,256 - INFO - No checkpoint — starting fresh. Will save to docs/studies/check2hgi/results/P1/region_head_florida_region_5f_50ep_STL_FLORIDA_check2hgi_reg_gethard_5f50ep.checkpoint.json after each fold.
2026-04-28 15:56:54,257 - INFO - ============================================================
2026-04-28 15:56:54,257 - INFO - HEAD: next_getnext_hard (5 folds x 50 epochs, max_lr=3e-03, ls=0.00, input_ln=False)
2026-04-28 15:56:54,258 - INFO - ============================================================
/content/PoiMtlNet/src/tracking/metrics.py:64: UserWarning: _bincount_cuda does not have a deterministic implementation, but you set 'torch.use_deterministic_algorithms(True, warn_only=True)'. You can file an issue at https://github.com/pytorch/pytorch/issues to help us prioritize adding deterministic support for this operation. (Triggered internally at /pytorch/aten/src/ATen/Context.cpp:160.)
  tp = torch.bincount(targets, weights=correct, minlength=num_classes)
2026-04-28 16:01:54,655 - INFO -   fold 0: Acc@1=0.5072 Acc@5=0.7403 Acc@10=0.8310 MRR=0.6134 F1=0.1821 (300.4s, best_ep=17)
2026-04-28 16:06:53,851 - INFO -   fold 1: Acc@1=0.4937 Acc@5=0.7235 Acc@10=0.8184 MRR=0.5997 F1=0.1539 (299.2s, best_ep=15)
2026-04-28 16:11:53,967 - INFO -   fold 2: Acc@1=0.5087 Acc@5=0.7371 Acc@10=0.8267 MRR=0.6121 F1=0.1744 (300.1s, best_ep=18)
2026-04-28 16:16:53,011 - INFO -   fold 3: Acc@1=0.4991 Acc@5=0.7335 Acc@10=0.8235 MRR=0.6061 F1=0.1733 (299.0s, best_ep=14)
2026-04-28 16:21:52,207 - INFO -   fold 4: Acc@1=0.4986 Acc@5=0.7392 Acc@10=0.8273 MRR=0.6069 F1=0.1784 (299.2s, best_ep=17)
2026-04-28 16:21:52,209 - INFO -   AGGREGATE: Acc@1=0.5015+/-0.0057  Acc@10=0.8254+/-0.0042  MRR=0.6076+/-0.0049  F1=0.1724+/-0.0098

================================================================================
P1 REGION-HEAD ABLATION - florida - 5f x 50ep - input=region
================================================================================
Head                         Acc@1    Acc@5   Acc@10      MRR       F1
--------------------------------------------------------------------------------
next_getnext_hard           50.15%   73.47%   82.54%   60.76%   17.24%
--------------------------------------------------------------------------------
Markov 1-step (floor)         ~12%        —   ~45.9%        —        —
================================================================================
2026-04-28 16:21:52,211 - INFO - Saved: docs/studies/check2hgi/results/P1/region_head_florida_region_5f_50ep_STL_FLORIDA_check2hgi_reg_gethard_5f50ep.json
2026-04-28 16:21:52,211 - INFO - Removed checkpoint docs/studies/check2hgi/results/P1/region_head_florida_region_5f_50ep_STL_FLORIDA_check2hgi_reg_gethard_5f50ep.checkpoint.json (run complete).
